2025-06-02 12:43:51,739 [INFO] Moving 138 duplicate group(s)...
2025-06-02 12:43:51,740 [INFO] Moved 078a9565210a49229e3b5b2a639c8b76.jpg → 078a9565210a49229e3b5b2a639c8b76/
2025-06-02 12:43:51,741 [INFO] Moved 1677c27750ff41d1b7df4bc3a657b175.jpg → 078a9565210a49229e3b5b2a639c8b76/
2025-06-02 12:43:51,742 [INFO] Moved 11d8dbe22a6546d39102d297f2a11a72.jpg → 11d8dbe22a6546d39102d297f2a11a72/
2025-06-02 12:43:51,742 [INFO] Moved Ins52639621776_4f11677308f64e6cb95aa31ce061ba5a.jpg → 11d8dbe22a6546d39102d297f2a11a72/
2025-06-02 12:43:51,743 [INFO] Moved 17fcf59b48a321e52f77b9ccfce44f83.png → 17fcf59b48a321e52f77b9ccfce44f83/
2025-06-02 12:43:51,744 [INFO] Moved nationbieberz_e004bb43c2ab49739e0cb27f36efe931.jpg → 17fcf59b48a321e52f77b9ccfce44f83/
2025-06-02 12:43:51,745 [INFO] Moved 1c04a2459335421187a0e8e4d44bd70a.webp → 17fcf59b48a321e52f77b9ccfce44f83/
2025-06-02 12:43:51,745 [INFO] Moved Ins52639621776_893003f8528342be8c37fb38e4b4c674.jpg → 17fcf59b48a321e52f77b9ccfce44f83/
2025-06-02 12:43:51,746 [INFO] Moved nationbieberz_47dd647baa3e41bbbbf4a97626152bb4.jpg → 17fcf59b48a321e52f77b9ccfce44f83/
2025-06-02 12:43:51,746 [INFO] Moved believebruh_e3f21468d4344b6b9f1ab81dd334b2b6.jpg → 17fcf59b48a321e52f77b9ccfce44f83/
2025-06-02 12:43:51,747 [INFO] Moved Ins52639621776_9f9094d5aff544199c42b0acbee3f6c9.jpg → 17fcf59b48a321e52f77b9ccfce44f83/
2025-06-02 12:43:51,748 [INFO] Moved 2011stinsbeauty_00dfa27dee064e139d280c18e851a4be.webp → 2011stinsbeauty_00dfa27dee064e139d280c18e851a4be/
2025-06-02 12:43:51,748 [INFO] Moved 2b44e449ce00ddcae1ec07867afcc937.png → 2011stinsbeauty_00dfa27dee064e139d280c18e851a4be/
2025-06-02 12:43:51,749 [INFO] Moved Ins52639621776_d690434f57434d859a7a5f2a40b710a1.jpg → 2011stinsbeauty_00dfa27dee064e139d280c18e851a4be/
2025-06-02 12:43:51,749 [INFO] Moved nationbieberz_a65880125aa74070bbb875bc813c9aa7.jpg → 2011stinsbeauty_00dfa27dee064e139d280c18e851a4be/
2025-06-02 12:43:51,750 [INFO] Moved bieberbestbaby9_66238505cd7a4778ae7daae97934533e.jpg → 2011stinsbeauty_00dfa27dee064e139d280c18e851a4be/
2025-06-02 12:43:51,750 [INFO] Moved bieberbestbaby9_76c57009d2da4d62add15f5813d79fa4.jpg → 2011stinsbeauty_00dfa27dee064e139d280c18e851a4be/
2025-06-02 12:43:51,751 [INFO] Moved istankidrauhl_20240814_3.jpg → 2011stinsbeauty_00dfa27dee064e139d280c18e851a4be/
2025-06-02 12:43:51,751 [INFO] Moved fetuscanadian_20240821_19.jpg → 2011stinsbeauty_00dfa27dee064e139d280c18e851a4be/
2025-06-02 12:43:51,752 [INFO] Moved Ins52639621776_a04fd4801e194bada9ae783d7189bdfa.heic → 2011stinsbeauty_00dfa27dee064e139d280c18e851a4be/
2025-06-02 12:43:51,752 [INFO] Moved nationbieberz_23bc76dd6fb14932b47dbfaaea793a3e.jpg → 2011stinsbeauty_00dfa27dee064e139d280c18e851a4be/
2025-06-02 12:43:51,753 [INFO] Moved Ins52639621776_1f90f94b15fb4fd9a46d3061ee50dfd3.jpg → 2011stinsbeauty_00dfa27dee064e139d280c18e851a4be/
2025-06-02 12:43:51,753 [INFO] Moved istankidrauhl_20240814_1.jpg → 2011stinsbeauty_00dfa27dee064e139d280c18e851a4be/
2025-06-02 12:43:51,754 [INFO] Moved Ins52639621776_395599a7684545f8a5079e6363594a1e.heic → 2011stinsbeauty_00dfa27dee064e139d280c18e851a4be/
2025-06-02 12:43:51,754 [INFO] Moved Ins52639621776_79280b8bb39f45d2b060564d0bf8e6eb.heic → 2011stinsbeauty_00dfa27dee064e139d280c18e851a4be/
2025-06-02 12:43:51,755 [INFO] Moved Ins52639621776_8964740c75454eee95b51498ab80abc0.heic → 2011stinsbeauty_00dfa27dee064e139d280c18e851a4be/
2025-06-02 12:43:51,755 [INFO] Moved Ins52639621776_d122d51f9f7848509dcafa7ba4559f7e.heic → 2011stinsbeauty_00dfa27dee064e139d280c18e851a4be/
2025-06-02 12:43:51,756 [INFO] Moved Ins52639621776_a14f0d5a5577435ba1e39ca0abd2a1be.heic → 2011stinsbeauty_00dfa27dee064e139d280c18e851a4be/
2025-06-02 12:43:51,756 [INFO] Moved Ins52639621776_45313e313fe644f39da1bf21603f8329.jpg → 2011stinsbeauty_00dfa27dee064e139d280c18e851a4be/
2025-06-02 12:43:51,757 [INFO] Moved rick.buzztin_ce15a1f96004479881b6a2fd2e1bf6f6.heic → 2011stinsbeauty_00dfa27dee064e139d280c18e851a4be/
2025-06-02 12:43:51,757 [INFO] Moved Ins52639621776_770480af6e2e4c52b04f52f2f7cb93b2.jpg → 2011stinsbeauty_00dfa27dee064e139d280c18e851a4be/
2025-06-02 12:43:51,758 [INFO] Moved Ins52639621776_883f21ffeea7404c86f34be9cc83c2d7.heic → 2011stinsbeauty_00dfa27dee064e139d280c18e851a4be/
2025-06-02 12:43:51,758 [INFO] Moved 2011stinsbeauty_1453b8f53c2f40fd85f5f2d47750b738.webp → 2011stinsbeauty_1453b8f53c2f40fd85f5f2d47750b738/
2025-06-02 12:43:51,759 [INFO] Moved 2011stinsbeauty_700d5b69029c42528e62227772ad9de2.webp → 2011stinsbeauty_1453b8f53c2f40fd85f5f2d47750b738/
2025-06-02 12:43:51,760 [INFO] Moved 2011stinsbeauty_8165cf17302e4b04b7eb05db92f96d6f.webp → 2011stinsbeauty_1453b8f53c2f40fd85f5f2d47750b738/
2025-06-02 12:43:51,760 [INFO] Moved bizzlebiebs.x_bd1ec80cf40444819e9f736a75a42cb0.jpg → 2011stinsbeauty_1453b8f53c2f40fd85f5f2d47750b738/
2025-06-02 12:43:51,761 [INFO] Moved 2011stinsbeauty_1c7ae4d2e8ac471f83dbe2b13822789a.webp → 2011stinsbeauty_1c7ae4d2e8ac471f83dbe2b13822789a/
2025-06-02 12:43:51,761 [INFO] Moved bizzlebiebs.x_d88780b16c754ecf82ad8c0449e17c20.jpg → 2011stinsbeauty_1c7ae4d2e8ac471f83dbe2b13822789a/
2025-06-02 12:43:51,762 [INFO] Moved 2011stinsbeauty_68250ae399a24c7db303dd4442e5f2a4.webp → 2011stinsbeauty_68250ae399a24c7db303dd4442e5f2a4/
2025-06-02 12:43:51,763 [INFO] Moved bizzlebiebs.x_3ae439855f9d46eca2c0e5c4cc5058c7.jpg → 2011stinsbeauty_68250ae399a24c7db303dd4442e5f2a4/
2025-06-02 12:43:51,764 [INFO] Moved 2011stinsbeauty_683c312e38294a66bf29d6ab9cf7b35c.webp → 2011stinsbeauty_683c312e38294a66bf29d6ab9cf7b35c/
2025-06-02 12:43:51,764 [INFO] Moved bieberfan4ever__bb29554b17394c6594058bd2f27d83af.jpg → 2011stinsbeauty_683c312e38294a66bf29d6ab9cf7b35c/
2025-06-02 12:43:51,765 [INFO] Moved 2011stinsbeauty_86b0e41356f94ee18b7ad9f2db979b3c.webp → 2011stinsbeauty_86b0e41356f94ee18b7ad9f2db979b3c/
2025-06-02 12:43:51,766 [INFO] Moved believebruh_20240819_2.jpg → 2011stinsbeauty_86b0e41356f94ee18b7ad9f2db979b3c/
2025-06-02 12:43:51,766 [INFO] Moved believebruh_20240819_1.jpg → 2011stinsbeauty_86b0e41356f94ee18b7ad9f2db979b3c/
2025-06-02 12:43:51,767 [INFO] Moved bizzlebiebs.x_eebb9fdf47674a9ab3ac80493cd8dd6f.jpg → 2011stinsbeauty_86b0e41356f94ee18b7ad9f2db979b3c/
2025-06-02 12:43:51,767 [INFO] Moved Ins52639621776_b3954c6e7dbe4f68aa2c6dc4060ad403.jpg → 2011stinsbeauty_86b0e41356f94ee18b7ad9f2db979b3c/
2025-06-02 12:43:51,768 [INFO] Moved jbonthisdaytour_3e9b935b94fc439b882325dcd805e68a.jpg → 2011stinsbeauty_86b0e41356f94ee18b7ad9f2db979b3c/
2025-06-02 12:43:51,768 [INFO] Moved believebruh_20240819_6.jpg → 2011stinsbeauty_86b0e41356f94ee18b7ad9f2db979b3c/
2025-06-02 12:43:51,769 [INFO] Moved believebruh_20240819_7.jpg → 2011stinsbeauty_86b0e41356f94ee18b7ad9f2db979b3c/
2025-06-02 12:43:51,769 [INFO] Moved believebruh_20240819_4.jpg → 2011stinsbeauty_86b0e41356f94ee18b7ad9f2db979b3c/
2025-06-02 12:43:51,770 [INFO] Moved believebruh_20240819_3.jpg → 2011stinsbeauty_86b0e41356f94ee18b7ad9f2db979b3c/
2025-06-02 12:43:51,770 [INFO] Moved believebruh_20240819_5.jpg → 2011stinsbeauty_86b0e41356f94ee18b7ad9f2db979b3c/
2025-06-02 12:43:51,770 [INFO] Moved biebercentral_20240820_18.jpg → 2011stinsbeauty_86b0e41356f94ee18b7ad9f2db979b3c/
2025-06-02 12:43:51,771 [INFO] Moved bizzlebiebs.x_0b0162f6a1304356849a3f378e806c24.jpg → 2011stinsbeauty_86b0e41356f94ee18b7ad9f2db979b3c/
2025-06-02 12:43:51,771 [INFO] Moved believebruh_20240819_8.jpg → 2011stinsbeauty_86b0e41356f94ee18b7ad9f2db979b3c/
2025-06-02 12:43:51,772 [INFO] Moved jbiebersourcee_0ef1a2ddfe5e41d2999e7d8c6fb547e2.jpg → 2011stinsbeauty_86b0e41356f94ee18b7ad9f2db979b3c/
2025-06-02 12:43:51,772 [INFO] Moved jbonthisdaytour_b4b41c54c7bf4d2bbbbd88cb1372bdb9.jpg → 2011stinsbeauty_86b0e41356f94ee18b7ad9f2db979b3c/
2025-06-02 12:43:51,773 [INFO] Moved bieberbestbaby9_20240919_17.jpg → 2011stinsbeauty_86b0e41356f94ee18b7ad9f2db979b3c/
2025-06-02 12:43:51,773 [INFO] Moved bieberrstan_20240914_13.jpg → 2011stinsbeauty_86b0e41356f94ee18b7ad9f2db979b3c/
2025-06-02 12:43:51,774 [INFO] Moved bieberrstan_20240914_10.jpg → 2011stinsbeauty_86b0e41356f94ee18b7ad9f2db979b3c/
2025-06-02 12:43:51,774 [INFO] Moved bieberrstan_20240914_12.jpg → 2011stinsbeauty_86b0e41356f94ee18b7ad9f2db979b3c/
2025-06-02 12:43:51,775 [INFO] Moved bieberrstan_20240914_9.jpg → 2011stinsbeauty_86b0e41356f94ee18b7ad9f2db979b3c/
2025-06-02 12:43:51,775 [INFO] Moved bieberrstan_20240914_11.jpg → 2011stinsbeauty_86b0e41356f94ee18b7ad9f2db979b3c/
2025-06-02 12:43:51,776 [INFO] Moved bieberrstan_20240914_8.jpg → 2011stinsbeauty_86b0e41356f94ee18b7ad9f2db979b3c/
2025-06-02 12:43:51,776 [INFO] Moved bizzlebiebs.x_0faf90386cc5465f8cc9465a83f5a2e2.jpg → 2011stinsbeauty_86b0e41356f94ee18b7ad9f2db979b3c/
2025-06-02 12:43:51,777 [INFO] Moved Ins52639621776_ceeb45dfb52440b5afede107be5ded58.webp → 2011stinsbeauty_86b0e41356f94ee18b7ad9f2db979b3c/
2025-06-02 12:43:51,777 [INFO] Moved bieberrstan_20240914_14.jpg → 2011stinsbeauty_86b0e41356f94ee18b7ad9f2db979b3c/
2025-06-02 12:43:51,778 [INFO] Moved nationbieberz_729ae220348042c7bad756b951e11f1c.jpg → 2011stinsbeauty_86b0e41356f94ee18b7ad9f2db979b3c/
2025-06-02 12:43:51,779 [INFO] Moved 2011stinsbeauty_9a337a3c355a41cc90b5cf55ba902233.webp → 2011stinsbeauty_9a337a3c355a41cc90b5cf55ba902233/
2025-06-02 12:43:51,779 [INFO] Moved Ins52639621776_305bb295b6954f42be8f7c61c3ee1e52.jpg → 2011stinsbeauty_9a337a3c355a41cc90b5cf55ba902233/
2025-06-02 12:43:51,780 [INFO] Moved 2011stinsbeauty_c8c662b2dd9c4117911e498112d2cb3d.webp → 2011stinsbeauty_c8c662b2dd9c4117911e498112d2cb3d/
2025-06-02 12:43:51,781 [INFO] Moved Ins52639621776_2336ecb44d004b1e9ea488009b37b707.jpg → 2011stinsbeauty_c8c662b2dd9c4117911e498112d2cb3d/
2025-06-02 12:43:51,781 [INFO] Moved 2011stinsbeauty_cdd379e89f04458b865114f8c62282fe.webp → 2011stinsbeauty_cdd379e89f04458b865114f8c62282fe/
2025-06-02 12:43:51,782 [INFO] Moved bieberbestbaby9_20240828_11.jpg → 2011stinsbeauty_cdd379e89f04458b865114f8c62282fe/
2025-06-02 12:43:51,782 [INFO] Moved bieberrstan_4776c8bae6844dc8905f5f35be8a9711.jpg → 2011stinsbeauty_cdd379e89f04458b865114f8c62282fe/
2025-06-02 12:43:51,783 [INFO] Moved bieberrstan_69ede7a00a754b98b419b1036f5a486e.jpg → 2011stinsbeauty_cdd379e89f04458b865114f8c62282fe/
2025-06-02 12:43:51,783 [INFO] Moved bieberrstan_eef29dcbf3f447249dae396059d3c8eb.jpg → 2011stinsbeauty_cdd379e89f04458b865114f8c62282fe/
2025-06-02 12:43:51,784 [INFO] Moved bieberrstan_aaf1683476774f3ab67473f176ea1a8a.jpg → 2011stinsbeauty_cdd379e89f04458b865114f8c62282fe/
2025-06-02 12:43:51,784 [INFO] Moved bieberrstan_f0d6bd217e9e4cceb8207f5c7b84424b.jpg → 2011stinsbeauty_cdd379e89f04458b865114f8c62282fe/
2025-06-02 12:43:51,785 [INFO] Moved 2011stinsbeauty_d6695232efa743d6aff62b3563bf8934.webp → 2011stinsbeauty_d6695232efa743d6aff62b3563bf8934/
2025-06-02 12:43:51,786 [INFO] Moved 2011stinsbeauty_ee5f268346244245a9d331293938ebb3.webp → 2011stinsbeauty_d6695232efa743d6aff62b3563bf8934/
2025-06-02 12:43:51,787 [INFO] Moved 2357727776494546857854810a463783.webp → 2357727776494546857854810a463783/
2025-06-02 12:43:51,787 [INFO] Moved Ins52639621776_219bdedf93b244828ab81cde4acf6769.jpg → 2357727776494546857854810a463783/
2025-06-02 12:43:51,788 [INFO] Moved Ins52639621776_52ef8562739b479380025628c426d4b1.jpg → 2357727776494546857854810a463783/
2025-06-02 12:43:51,788 [INFO] Moved Ins52639621776_e13a87764aa0434d927785becef07599.jpg → 2357727776494546857854810a463783/
2025-06-02 12:43:51,789 [INFO] Moved Ins52639621776_a0c304caa56042c49c38bb15f4b4ac30.jpg → 2357727776494546857854810a463783/
2025-06-02 12:43:51,789 [INFO] Moved Ins52639621776_f3c4f3e14b944598b553d0af2ddbbcfc.jpg → 2357727776494546857854810a463783/
2025-06-02 12:43:51,790 [INFO] Moved 36b529a16c4847f187190770d1d6e1d7.heic → 36b529a16c4847f187190770d1d6e1d7/
2025-06-02 12:43:51,791 [INFO] Moved da036e952d0d4e4785cf5c62b36dca00.heic → 36b529a16c4847f187190770d1d6e1d7/
2025-06-02 12:43:51,791 [INFO] Moved 89e8659a81a44398acaced8677d2cf3b.heic → 36b529a16c4847f187190770d1d6e1d7/
2025-06-02 12:43:51,792 [INFO] Moved dfc6c5d2643840b99bf7c0bb0c74675b.heic → 36b529a16c4847f187190770d1d6e1d7/
2025-06-02 12:43:51,792 [INFO] Moved 42b037a9f661663bb44b0e54900fb090.png → 42b037a9f661663bb44b0e54900fb090/
2025-06-02 12:43:51,793 [INFO] Moved Ins52639621776_5c6dbc5e2a6741c089094bd069037ec9.jpg → 42b037a9f661663bb44b0e54900fb090/
2025-06-02 12:43:51,794 [INFO] Moved 45e976bd34b07f3df231b4398dc5ce58.png → 45e976bd34b07f3df231b4398dc5ce58/
2025-06-02 12:43:51,794 [INFO] Moved 56d5c6be4fe68000c820c027a8c48947.png → 45e976bd34b07f3df231b4398dc5ce58/
2025-06-02 12:43:51,795 [INFO] Moved 4e13ae382a1e4115b5abfbcb80bddeeb.jpg → 4e13ae382a1e4115b5abfbcb80bddeeb/
2025-06-02 12:43:51,796 [INFO] Moved 95accdac925043cfa2a86fef9cb384f1.jpg → 4e13ae382a1e4115b5abfbcb80bddeeb/
2025-06-02 12:43:51,797 [INFO] Moved AhaTik_biebsthrowbacks_1740684375047.jpg → AhaTik_biebsthrowbacks_1740684375047/
2025-06-02 12:43:51,797 [INFO] Moved AhaTik_biebsthrowbacks_1740684375074.jpg → AhaTik_biebsthrowbacks_1740684375047/
2025-06-02 12:43:51,798 [INFO] Moved AhaTik_fandetuyasabesquien_1740711787489.jpg → AhaTik_fandetuyasabesquien_1740711787489/
2025-06-02 12:43:51,799 [INFO] Moved nationbieberz_19175e221c8444428355820419541c14.jpg → AhaTik_fandetuyasabesquien_1740711787489/
2025-06-02 12:43:51,799 [INFO] Moved alwaysjsjelena_9d2df3690d334b2398e81a266d409557.jpg → alwaysjsjelena_9d2df3690d334b2398e81a266d409557/
2025-06-02 12:43:51,800 [INFO] Moved sj.rare_20240828_41.jpg → alwaysjsjelena_9d2df3690d334b2398e81a266d409557/
2025-06-02 12:43:51,801 [INFO] Moved alwaysjsjelena_a1bb6aa33a364c17b0cf667e496560c6.jpg → alwaysjsjelena_a1bb6aa33a364c17b0cf667e496560c6/
2025-06-02 12:43:51,801 [INFO] Moved alwaysjsjelena_bf1d3d409cf34ea48b953bbd75c266bc.jpg → alwaysjsjelena_a1bb6aa33a364c17b0cf667e496560c6/
2025-06-02 12:43:51,802 [INFO] Moved b7cb0cbfd45c7985b08d7d696b342470.png → b7cb0cbfd45c7985b08d7d696b342470/
2025-06-02 12:43:51,803 [INFO] Moved nationbieberz_a71a386515104dabb2218dd0b19e3446.jpg → b7cb0cbfd45c7985b08d7d696b342470/
2025-06-02 12:43:51,804 [INFO] Moved believebruh_0b17a7672e304dae8fcbe3da5a2946ec.jpg → believebruh_0b17a7672e304dae8fcbe3da5a2946ec/
2025-06-02 12:43:51,804 [INFO] Moved believebruh_3a1552d3a4f24ceebdcd743272e87612.jpg → believebruh_0b17a7672e304dae8fcbe3da5a2946ec/
2025-06-02 12:43:51,805 [INFO] Moved believebruh_a048c59ab1f447f0a48e6d90d460b7f0.jpg → believebruh_0b17a7672e304dae8fcbe3da5a2946ec/
2025-06-02 12:43:51,805 [INFO] Moved believebruh_20240820_1.jpg → believebruh_20240820_1/
2025-06-02 12:43:51,806 [INFO] Moved believebruh_20240820_6.jpg → believebruh_20240820_1/
2025-06-02 12:43:51,806 [INFO] Moved believebruh_20240820_7.jpg → believebruh_20240820_1/
2025-06-02 12:43:51,807 [INFO] Moved Ins52639621776_29ee57bb40a043258c523e26ffdc5256.jpg → believebruh_20240820_1/
2025-06-02 12:43:51,807 [INFO] Moved believebruh_20240820_2.jpg → believebruh_20240820_1/
2025-06-02 12:43:51,808 [INFO] Moved believebruh_20240820_5.jpg → believebruh_20240820_1/
2025-06-02 12:43:51,808 [INFO] Moved nationbieberz_549454688c204646a362786706dba5f2.jpg → believebruh_20240820_1/
2025-06-02 12:43:51,809 [INFO] Moved Ins52639621776_0ef76efee1884d3f9087e6e9a4206361.jpg → believebruh_20240820_1/
2025-06-02 12:43:51,809 [INFO] Moved Ins52639621776_0f3ba1b80dd8401db566d8d4e0c68e0b.jpg → believebruh_20240820_1/
2025-06-02 12:43:51,810 [INFO] Moved Ins52639621776_1e83cb15bfe44724bdbca84ab2f363fe.jpg → believebruh_20240820_1/
2025-06-02 12:43:51,810 [INFO] Moved Ins52639621776_3b79667bd41c40f096b720f45c782cd0.jpg → believebruh_20240820_1/
2025-06-02 12:43:51,811 [INFO] Moved Ins52639621776_ae81ffb3544c48cca5bca2135812dc59.jpg → believebruh_20240820_1/
2025-06-02 12:43:51,811 [INFO] Moved Ins52639621776_6233ba9416324e0cba428df68a6fc868.jpg → believebruh_20240820_1/
2025-06-02 12:43:51,812 [INFO] Moved Ins52639621776_e80d693b60934ac79d64ccdb917f19d1.jpg → believebruh_20240820_1/
2025-06-02 12:43:51,812 [INFO] Moved Ins52639621776_b1223d694aa14d84ba97475cf23a0fb3.jpg → believebruh_20240820_1/
2025-06-02 12:43:51,813 [INFO] Moved believebruh_20240919_26.jpg → believebruh_20240919_26/
2025-06-02 12:43:51,814 [INFO] Moved believebruh_20240919_27.jpg → believebruh_20240919_26/
2025-06-02 12:43:51,814 [INFO] Moved fetuscanadian_20240821_20.jpg → believebruh_20240919_26/
2025-06-02 12:43:51,815 [INFO] Moved Ins52639621776_3a1ad3e0c65440be9cfc394c0c2871d3.jpg → believebruh_20240919_26/
2025-06-02 12:43:51,815 [INFO] Moved Ins52639621776_5a110aaac5174a8aa5cf7094a84f8ddd.jpg → believebruh_20240919_26/
2025-06-02 12:43:51,816 [INFO] Moved Ins52639621776_68e0c75b498b4cc5b2deeddd9fc97e5c.jpg → believebruh_20240919_26/
2025-06-02 12:43:51,816 [INFO] Moved Ins52639621776_a682cdb63c4f4b43a742c9c95a15d91d.jpg → believebruh_20240919_26/
2025-06-02 12:43:51,817 [INFO] Moved Ins52639621776_bb2c50fb019f440ca760be36ff697e57.jpg → believebruh_20240919_26/
2025-06-02 12:43:51,817 [INFO] Moved jbiebersourcee_b934b2c665424688a06438e66d6c6206.jpg → believebruh_20240919_26/
2025-06-02 12:43:51,818 [INFO] Moved bieberrstan_0bd464fd6f97427fa629e7c7fbe84f4a.jpg → believebruh_20240919_26/
2025-06-02 12:43:51,818 [INFO] Moved bieberrstan_575c212aff724d449a9891ac2d880b94.jpg → believebruh_20240919_26/
2025-06-02 12:43:51,819 [INFO] Moved bieberrstan_1afb7664dc9b4d7daf843afe24921e5c.jpg → believebruh_20240919_26/
2025-06-02 12:43:51,819 [INFO] Moved bieberrstan_b8d593b0d856448aad2e22ebdcaaec8a.jpg → believebruh_20240919_26/
2025-06-02 12:43:51,819 [INFO] Moved bieberrstan_82dbb9553eb446aaad608ac38bc49811.jpg → believebruh_20240919_26/
2025-06-02 12:43:51,820 [INFO] Moved bieberrstan_ce7a0fbf05504c9e9d5972a1cddbf8e2.jpg → believebruh_20240919_26/
2025-06-02 12:43:51,820 [INFO] Moved bieberrstan_3ca11367fbc848fa8e1253fa32f16168.jpg → believebruh_20240919_26/
2025-06-02 12:43:51,821 [INFO] Moved bieberrstan_4c5b527fb15041efbd2cdf6e484344e7.jpg → believebruh_20240919_26/
2025-06-02 12:43:51,821 [INFO] Moved Ins52639621776_1d94240d15a7456e9fbe2a1e5728ce43.heic → believebruh_20240919_26/
2025-06-02 12:43:51,822 [INFO] Moved Ins52639621776_6a909a2319164344b854d6c4bc3f5322.heic → believebruh_20240919_26/
2025-06-02 12:43:51,822 [INFO] Moved nationbieberz_46d74cec24c64a36bf2ab3d3524e5a74.jpg → believebruh_20240919_26/
2025-06-02 12:43:51,823 [INFO] Moved believebruh_20240919_28.jpg → believebruh_20240919_28/
2025-06-02 12:43:51,824 [INFO] Moved believebruh_20240919_32.jpg → believebruh_20240919_28/
2025-06-02 12:43:51,824 [INFO] Moved Ins52639621776_ac70e6fe01ad4b1eb6574e0d832a86c5.jpg → believebruh_20240919_28/
2025-06-02 12:43:51,825 [INFO] Moved believebruh_20240919_29.jpg → believebruh_20240919_28/
2025-06-02 12:43:51,825 [INFO] Moved believebruh_20240919_33.jpg → believebruh_20240919_28/
2025-06-02 12:43:51,826 [INFO] Moved Ins52639621776_c43abfdf58c94bba877e304bda0bbd88.jpg → believebruh_20240919_28/
2025-06-02 12:43:51,826 [INFO] Moved believebruh_20240919_30.jpg → believebruh_20240919_28/
2025-06-02 12:43:51,827 [INFO] Moved Ins52639621776_19369dbbfbb84b3caea39b1e43cff49d.jpg → believebruh_20240919_28/
2025-06-02 12:43:51,827 [INFO] Moved Ins52639621776_d66b9e528be84ee696f4ac9d1802fabe.jpg → believebruh_20240919_28/
2025-06-02 12:43:51,828 [INFO] Moved believebruh_20240919_31.jpg → believebruh_20240919_28/
2025-06-02 12:43:51,828 [INFO] Moved believebruh_20240919_34.jpg → believebruh_20240919_28/
2025-06-02 12:43:51,829 [INFO] Moved believebruh_20240919_35.jpg → believebruh_20240919_28/
2025-06-02 12:43:51,829 [INFO] Moved Ins52639621776_e168679595ff4a5eb3e353f7513ff2fb.jpg → believebruh_20240919_28/
2025-06-02 12:43:51,830 [INFO] Moved believebruh_2d8a5313444d4719b10b673e0fbf2db9.jpg → believebruh_2d8a5313444d4719b10b673e0fbf2db9/
2025-06-02 12:43:51,830 [INFO] Moved believebruh_801aa49766324d699df829abe904e57b.jpg → believebruh_2d8a5313444d4719b10b673e0fbf2db9/
2025-06-02 12:43:51,831 [INFO] Moved believebruh_3db2e4d12e0840da8830e054b37e7a5b.jpg → believebruh_3db2e4d12e0840da8830e054b37e7a5b/
2025-06-02 12:43:51,832 [INFO] Moved believebruh_e5d83f1115574ad0a77d12510b95b970.jpg → believebruh_3db2e4d12e0840da8830e054b37e7a5b/
2025-06-02 12:43:51,833 [INFO] Moved believebruh_3f0cfe75de554ee9809a5404c2ca0398.jpg → believebruh_3f0cfe75de554ee9809a5404c2ca0398/
2025-06-02 12:43:51,833 [INFO] Moved believebruh_4ef9bb28b6734dd88f3a20f8539318f2.jpg → believebruh_3f0cfe75de554ee9809a5404c2ca0398/
2025-06-02 12:43:51,834 [INFO] Moved believebruh_4008887ebf7a4117acfa1e979d6ecffa.jpg → believebruh_4008887ebf7a4117acfa1e979d6ecffa/
2025-06-02 12:43:51,835 [INFO] Moved jbonthisdaytour_1ec651224c874f779a99a98389cb95b3.jpg → believebruh_4008887ebf7a4117acfa1e979d6ecffa/
2025-06-02 12:43:51,835 [INFO] Moved bieberbestbaby9_20240828_8.jpg → believebruh_4008887ebf7a4117acfa1e979d6ecffa/
2025-06-02 12:43:51,836 [INFO] Moved bieberbestbaby9_20240828_9.jpg → believebruh_4008887ebf7a4117acfa1e979d6ecffa/
2025-06-02 12:43:51,836 [INFO] Moved biebsthrowbacks_0e9d716ed8714cfa9c14520f72efafb2.jpg → believebruh_4008887ebf7a4117acfa1e979d6ecffa/
2025-06-02 12:43:51,837 [INFO] Moved biebsthrowbacks_4f0f123621ae4f51b332f257d1032e4e.jpg → believebruh_4008887ebf7a4117acfa1e979d6ecffa/
2025-06-02 12:43:51,837 [INFO] Moved justinbiebercrewarmy_20240827_8.jpg → believebruh_4008887ebf7a4117acfa1e979d6ecffa/
2025-06-02 12:43:51,838 [INFO] Moved biebsthrowbacks_12d3c570c4954ecfa72a4d5e7c29f8e5.jpg → believebruh_4008887ebf7a4117acfa1e979d6ecffa/
2025-06-02 12:43:51,838 [INFO] Moved biebsthrowbacks_a84dd03af21940e1ada8f10813782020.jpg → believebruh_4008887ebf7a4117acfa1e979d6ecffa/
2025-06-02 12:43:51,839 [INFO] Moved biebsthrowbacks_ff2812090fba4caba73f6efdb24d5fbc.jpg → believebruh_4008887ebf7a4117acfa1e979d6ecffa/
2025-06-02 12:43:51,839 [INFO] Moved nationbieberz_5c6cc54537734cf38d3843d6f500947d.jpg → believebruh_4008887ebf7a4117acfa1e979d6ecffa/
2025-06-02 12:43:51,840 [INFO] Moved believebruh_4f76f3b851494035bc40d03c5d1ad2ac.jpg → believebruh_4f76f3b851494035bc40d03c5d1ad2ac/
2025-06-02 12:43:51,841 [INFO] Moved believebruh_8a075985e9ac406a8bb74ba0c29a05fd.jpg → believebruh_4f76f3b851494035bc40d03c5d1ad2ac/
2025-06-02 12:43:51,841 [INFO] Moved believebruh_8880c283dce8451f9621f594ec8c21fd.jpg → believebruh_4f76f3b851494035bc40d03c5d1ad2ac/
2025-06-02 12:43:51,842 [INFO] Moved believebruh_59acc6ec41b74813813ddab77f75b341.jpg → believebruh_4f76f3b851494035bc40d03c5d1ad2ac/
2025-06-02 12:43:51,842 [INFO] Moved believebruh_b99e392847834317b27365618419c971.jpg → believebruh_4f76f3b851494035bc40d03c5d1ad2ac/
2025-06-02 12:43:51,843 [INFO] Moved believebruh_b841647205e74abbbd685299ebc99498.jpg → believebruh_4f76f3b851494035bc40d03c5d1ad2ac/
2025-06-02 12:43:51,843 [INFO] Moved believebruh_f440375b0c5e42f4b1bda5332e1a6d51.jpg → believebruh_4f76f3b851494035bc40d03c5d1ad2ac/
2025-06-02 12:43:51,844 [INFO] Moved fetuscanadian_c9af245c5be74a8fb3fd991226c3ff39.jpg → believebruh_4f76f3b851494035bc40d03c5d1ad2ac/
2025-06-02 12:43:51,844 [INFO] Moved believebruh_59e07de27649442cb810d23b43962e6a.jpg → believebruh_59e07de27649442cb810d23b43962e6a/
2025-06-02 12:43:51,845 [INFO] Moved believebruh_eb8321b68ff74229859b239be55cdcb1.jpg → believebruh_59e07de27649442cb810d23b43962e6a/
2025-06-02 12:43:51,846 [INFO] Moved believebruh_b9545da71878489587a124ffd13b58ed.jpg → believebruh_59e07de27649442cb810d23b43962e6a/
2025-06-02 12:43:51,847 [INFO] Moved believebruh_7184bcdf50ac4ce0ae11c40ba9fa2163.jpg → believebruh_7184bcdf50ac4ce0ae11c40ba9fa2163/
2025-06-02 12:43:51,847 [INFO] Moved believebruh_855fcdf46fd84fe6932d59e5084bf014.jpg → believebruh_7184bcdf50ac4ce0ae11c40ba9fa2163/
2025-06-02 12:43:51,848 [INFO] Moved believebruh_9cdb589680c045cf92fd4baccc330975.jpg → believebruh_7184bcdf50ac4ce0ae11c40ba9fa2163/
2025-06-02 12:43:51,849 [INFO] Moved believebruh_752e2e6ccfda423f9f6d3eee0fb041cc.jpg → believebruh_752e2e6ccfda423f9f6d3eee0fb041cc/
2025-06-02 12:43:51,849 [INFO] Moved believebruh_e424c392d0e84a1b84ed6b8bad841672.jpg → believebruh_752e2e6ccfda423f9f6d3eee0fb041cc/
2025-06-02 12:43:51,850 [INFO] Moved believebruh_a0559b5f4cc44d3c810fc11cd5979647.jpg → believebruh_a0559b5f4cc44d3c810fc11cd5979647/
2025-06-02 12:43:51,851 [INFO] Moved believebruh_f7612a1f02644ca6b872582d97ebf118.jpg → believebruh_a0559b5f4cc44d3c810fc11cd5979647/
2025-06-02 12:43:51,851 [INFO] Moved believexstan_07a69001dfbf4f57b385c815a2b504b3.webp → believexstan_07a69001dfbf4f57b385c815a2b504b3/
2025-06-02 12:43:51,852 [INFO] Moved believexstan_11304453e42e4cfd999da3d8e22cefcf.webp → believexstan_07a69001dfbf4f57b385c815a2b504b3/
2025-06-02 12:43:51,853 [INFO] Moved believexstan_1cc41c4ff79e4d75b1c47cfaa189d44a.webp → believexstan_07a69001dfbf4f57b385c815a2b504b3/
2025-06-02 12:43:51,853 [INFO] Moved believexstan_60c4299e16824ca29988b49176b4988f.webp → believexstan_07a69001dfbf4f57b385c815a2b504b3/
2025-06-02 12:43:51,854 [INFO] Moved believexstan_db1948040d8e400d856299b0e3ac2f25.webp → believexstan_07a69001dfbf4f57b385c815a2b504b3/
2025-06-02 12:43:51,854 [INFO] Moved believexstan_3a627e7b0f814d2bb6093e2a5a137dfc.webp → believexstan_07a69001dfbf4f57b385c815a2b504b3/
2025-06-02 12:43:51,855 [INFO] Moved believexstan_20240815_2.jpg → believexstan_20240815_2/
2025-06-02 12:43:51,856 [INFO] Moved believexstan_20240815_3.jpg → believexstan_20240815_2/
2025-06-02 12:43:51,856 [INFO] Moved bieberbestbaby9_1434f638ea314346ace54af1f4687ba9.heic → bieberbestbaby9_1434f638ea314346ace54af1f4687ba9/
2025-06-02 12:43:51,857 [INFO] Moved biebsthrowbacks_363ba890aeaa4ce99329fb40d35f7f92.jpg → bieberbestbaby9_1434f638ea314346ace54af1f4687ba9/
2025-06-02 12:43:51,858 [INFO] Moved bieberbestbaby9_20240813_2.jpg → bieberbestbaby9_20240813_2/
2025-06-02 12:43:51,858 [INFO] Moved bizzleglow_2c09a442866643dbb19ba5fbfb0993ca.webp → bieberbestbaby9_20240813_2/
2025-06-02 12:43:51,859 [INFO] Moved Ins52639621776_14654c65f7714cd2871d4a8a1aac1e75.jpg → bieberbestbaby9_20240813_2/
2025-06-02 12:43:51,860 [INFO] Moved bieberbestbaby9_20240828_21.jpg → bieberbestbaby9_20240828_21/
2025-06-02 12:43:51,860 [INFO] Moved Ins52639621776_052aea065de947b2807a573a8bae3be2.jpg → bieberbestbaby9_20240828_21/
2025-06-02 12:43:51,861 [INFO] Moved Ins52639621776_00e9a1efee554254accc832c0e1c2768.jpg → bieberbestbaby9_20240828_21/
2025-06-02 12:43:51,862 [INFO] Moved bieberbestbaby9_20240828_22.jpg → bieberbestbaby9_20240828_22/
2025-06-02 12:43:51,862 [INFO] Moved bieberbestbaby9_20240828_23.jpg → bieberbestbaby9_20240828_22/
2025-06-02 12:43:51,863 [INFO] Moved bieberbestbaby9_20240914_1.jpg → bieberbestbaby9_20240914_1/
2025-06-02 12:43:51,863 [INFO] Moved bieberbestbaby9_20240914_3.jpg → bieberbestbaby9_20240914_1/
2025-06-02 12:43:51,864 [INFO] Moved iflirtbieber_e84b4103db214015aa5ac11f6d921875.jpg → bieberbestbaby9_20240914_1/
2025-06-02 12:43:51,864 [INFO] Moved drew_biebs6_2235f53dc3724830b770e82c6507bd62.jpg → bieberbestbaby9_20240914_1/
2025-06-02 12:43:51,865 [INFO] Moved bieberbestbaby9_20240914_6.jpg → bieberbestbaby9_20240914_1/
2025-06-02 12:43:51,866 [INFO] Moved bieberbestbaby9_20240914_5.jpg → bieberbestbaby9_20240914_5/
2025-06-02 12:43:51,866 [INFO] Moved bieberbestbaby9_20240914_7.jpg → bieberbestbaby9_20240914_5/
2025-06-02 12:43:51,867 [INFO] Moved bieberbestbaby9_b967e6caae99428ba4c516e901392a9d.jpg → bieberbestbaby9_b967e6caae99428ba4c516e901392a9d/
2025-06-02 12:43:51,868 [INFO] Moved nationbieberz_abd5f3bf558d4e7586bd7b5aa37e53c4.jpg → bieberbestbaby9_b967e6caae99428ba4c516e901392a9d/
2025-06-02 12:43:51,868 [INFO] Moved bieberbestbaby9_f91461a032c24c049043d3a294bcafb3.jpg → bieberbestbaby9_f91461a032c24c049043d3a294bcafb3/
2025-06-02 12:43:51,869 [INFO] Moved Ins52639621776_e6f0ecc9e9514f3ab919ef7dd0b0ae8a.jpg → bieberbestbaby9_f91461a032c24c049043d3a294bcafb3/
2025-06-02 12:43:51,870 [INFO] Moved Ins52639621776_47a40638368c4f69b4b218cfbb949fa0.jpg → bieberbestbaby9_f91461a032c24c049043d3a294bcafb3/
2025-06-02 12:43:51,870 [INFO] Moved biebercol__20240817_10.jpg → biebercol__20240817_10/
2025-06-02 12:43:51,871 [INFO] Moved fetuscanadian_20240821_21.jpg → biebercol__20240817_10/
2025-06-02 12:43:51,871 [INFO] Moved biebervibesx_82d49e30478540baadf1d0394520e72f.jpg → biebercol__20240817_10/
2025-06-02 12:43:51,872 [INFO] Moved biebervibesx_86df1924fcac47689f38fae073ad7140.jpg → biebercol__20240817_10/
2025-06-02 12:43:51,872 [INFO] Moved biebervibesx_f8c8b2fc97344f9783773f39c26808fd.jpg → biebercol__20240817_10/
2025-06-02 12:43:51,873 [INFO] Moved justinbiebersupport_650e3c19c82646caafbff6d52c9f656a.jpg → biebercol__20240817_10/
2025-06-02 12:43:51,873 [INFO] Moved nationbieberz_fdfd778c3aa94e559ee1ead9a5f641e6.jpg → biebercol__20240817_10/
2025-06-02 12:43:51,874 [INFO] Moved bizzlebiebs.x_13cf2510e6404d0894a378da47ff1945.jpg → biebercol__20240817_10/
2025-06-02 12:43:51,874 [INFO] Moved justinbiebersupport_ad2b3a2627d146ec91ebc340c9a0ad84.jpg → biebercol__20240817_10/
2025-06-02 12:43:51,875 [INFO] Moved nationbieberz_96b8bd9e19704b709bb993d76f8a1df1.jpg → biebercol__20240817_10/
2025-06-02 12:43:51,876 [INFO] Moved biebercol__20240817_4.jpg → biebercol__20240817_4/
2025-06-02 12:43:51,876 [INFO] Moved jusdtinbieber_89a5929f27174f49902108fa4b71f113.webp → biebercol__20240817_4/
2025-06-02 12:43:51,877 [INFO] Moved bieberdreamsz_20240817_22.jpg → bieberdreamsz_20240817_22/
2025-06-02 12:43:51,878 [INFO] Moved nationbieberz_36c55b15736d407796cfd082a262652f.jpg → bieberdreamsz_20240817_22/
2025-06-02 12:43:51,878 [INFO] Moved biebervibesx_8620a5102a39440ca7d38acc8ed90acd.jpg → bieberdreamsz_20240817_22/
2025-06-02 12:43:51,879 [INFO] Moved bieberrstan_20240919_1.jpg → bieberrstan_20240919_1/
2025-06-02 12:43:51,879 [INFO] Moved bieberrstan_20240919_2.jpg → bieberrstan_20240919_1/
2025-06-02 12:43:51,880 [INFO] Moved bieberrstan_20240919_3.jpg → bieberrstan_20240919_1/
2025-06-02 12:43:51,881 [INFO] Moved bieberrstan_20240919_4.jpg → bieberrstan_20240919_1/
2025-06-02 12:43:51,881 [INFO] Moved bieberrstan_20240919_5.jpg → bieberrstan_20240919_1/
2025-06-02 12:43:51,882 [INFO] Moved Ins52639621776_aee738b76f05405e85fe52a25f1f8e59.jpg → bieberrstan_20240919_1/
2025-06-02 12:43:51,882 [INFO] Moved Ins52639621776_cdeb97e3a0364d328c15f8e4c165fbe0.jpg → bieberrstan_20240919_1/
2025-06-02 12:43:51,882 [INFO] Moved bieberrstan_20240919_6.jpg → bieberrstan_20240919_1/
2025-06-02 12:43:51,883 [INFO] Moved Ins52639621776_ce1488294bad4ee1b3db0a56a51f0a9f.jpg → bieberrstan_20240919_1/
2025-06-02 12:43:51,884 [INFO] Moved bieberxrhode_20240821_2.jpg → bieberxrhode_20240821_2/
2025-06-02 12:43:51,884 [INFO] Moved bizzlebiebs.x_49520fd913e84f8dbd679ad0607c48ba.jpg → bieberxrhode_20240821_2/
2025-06-02 12:43:51,885 [INFO] Moved biebsthrowbacks_145b00ad096e4adbb64945dda5ce66ae.jpg → biebsthrowbacks_145b00ad096e4adbb64945dda5ce66ae/
2025-06-02 12:43:51,886 [INFO] Moved jbonthisdaytour_c42a9337759e408da6455f619d16f332.jpg → biebsthrowbacks_145b00ad096e4adbb64945dda5ce66ae/
2025-06-02 12:43:51,887 [INFO] Moved biebsthrowbacks_20240922_14.jpg → biebsthrowbacks_20240922_14/
2025-06-02 12:43:51,887 [INFO] Moved jbiebersourcee_ec09066de0a74d688e6b1eeedc07a786.jpg → biebsthrowbacks_20240922_14/
2025-06-02 12:43:51,888 [INFO] Moved biebsthrowbacks_68015aed6d1843d2bfb0331038700bcb.jpg → biebsthrowbacks_68015aed6d1843d2bfb0331038700bcb/
2025-06-02 12:43:51,889 [INFO] Moved biebsthrowbacks_bbedd79fb62b4b6eadc961c3dc1552e4.jpg → biebsthrowbacks_68015aed6d1843d2bfb0331038700bcb/
2025-06-02 12:43:51,889 [INFO] Moved biebsthrowbacks_c275d7274cf1416e97cb96aacfc3d273.jpg → biebsthrowbacks_c275d7274cf1416e97cb96aacfc3d273/
2025-06-02 12:43:51,890 [INFO] Moved Ins52639621776_e915b109a63d4a67b03bf0c2ca19b882.jpg → biebsthrowbacks_c275d7274cf1416e97cb96aacfc3d273/
2025-06-02 12:43:51,891 [INFO] Moved bizzlebiebs.x_19a72b417340408da8ee06bed342e977.jpg → bizzlebiebs.x_19a72b417340408da8ee06bed342e977/
2025-06-02 12:43:51,892 [INFO] Moved bizzlebiebs.x_f990be08e139458d88d6f6c30a47d916.jpg → bizzlebiebs.x_19a72b417340408da8ee06bed342e977/
2025-06-02 12:43:51,893 [INFO] Moved bizzlebiebs.x_23ebf87e64d64ce187b8873ef064c893.jpg → bizzlebiebs.x_23ebf87e64d64ce187b8873ef064c893/
2025-06-02 12:43:51,893 [INFO] Moved bizzlebiebs.x_52f3cca7ac574d49b4600a944096d183.jpg → bizzlebiebs.x_23ebf87e64d64ce187b8873ef064c893/
2025-06-02 12:43:51,894 [INFO] Moved bizzlebiebs.x_2cb3a9fbdd27403f9c2bbea5fbfa1cee.jpg → bizzlebiebs.x_2cb3a9fbdd27403f9c2bbea5fbfa1cee/
2025-06-02 12:43:51,895 [INFO] Moved bizzlebiebs.x_4dbd319a4109433f8fa8a9ebc464c6e1.jpg → bizzlebiebs.x_2cb3a9fbdd27403f9c2bbea5fbfa1cee/
2025-06-02 12:43:51,895 [INFO] Moved bizzlebiebs.x_d7be5b670deb4e0ea50f5bcafbb1b75d.jpg → bizzlebiebs.x_2cb3a9fbdd27403f9c2bbea5fbfa1cee/
2025-06-02 12:43:51,896 [INFO] Moved bizzlebiebs.x_42504851abe54d48a027e3e42b93fe0a.jpg → bizzlebiebs.x_42504851abe54d48a027e3e42b93fe0a/
2025-06-02 12:43:51,896 [INFO] Moved Ins52639621776_6189ee1ccb9d4f6f891fddb58c17a444.jpg → bizzlebiebs.x_42504851abe54d48a027e3e42b93fe0a/
2025-06-02 12:43:51,897 [INFO] Moved bizzlebiebs.x_b3cfa22d60574551ab46e9d7b307661c.jpg → bizzlebiebs.x_42504851abe54d48a027e3e42b93fe0a/
2025-06-02 12:43:51,898 [INFO] Moved bizzlebiebs.x_57f492842bd84eef817bb4c18f2dd258.jpg → bizzlebiebs.x_57f492842bd84eef817bb4c18f2dd258/
2025-06-02 12:43:51,898 [INFO] Moved bizzlebiebs.x_7e53b4e3d20c4925b1f9eecc244add36.jpg → bizzlebiebs.x_57f492842bd84eef817bb4c18f2dd258/
2025-06-02 12:43:51,899 [INFO] Moved bizzlebiebs.x_67d0c07e9f55409784b967e6515844fa.jpg → bizzlebiebs.x_67d0c07e9f55409784b967e6515844fa/
2025-06-02 12:43:51,900 [INFO] Moved Ins52639621776_dc6271bb21b64dd8a4f45a9036c612bc.webp → bizzlebiebs.x_67d0c07e9f55409784b967e6515844fa/
2025-06-02 12:43:51,901 [INFO] Moved bizzlebiebs.x_6f62faaca3054d8ab14d3c44b14ee696.jpg → bizzlebiebs.x_6f62faaca3054d8ab14d3c44b14ee696/
2025-06-02 12:43:51,901 [INFO] Moved Ins52639621776_5d6b27b76ce2414d8b9a8b0b9adaaf5f.jpg → bizzlebiebs.x_6f62faaca3054d8ab14d3c44b14ee696/
2025-06-02 12:43:51,902 [INFO] Moved Ins52639621776_9441c21f55dc4b3fa2fc96ee466ceb7f.jpg → bizzlebiebs.x_6f62faaca3054d8ab14d3c44b14ee696/
2025-06-02 12:43:51,902 [INFO] Moved Ins52639621776_9d844c5859ea47feb5c84f205882a879.jpg → bizzlebiebs.x_6f62faaca3054d8ab14d3c44b14ee696/
2025-06-02 12:43:51,903 [INFO] Moved Ins52639621776_494e285575cb4763aad861c9318a4784.heic → bizzlebiebs.x_6f62faaca3054d8ab14d3c44b14ee696/
2025-06-02 12:43:51,903 [INFO] Moved Ins52639621776_72056257fbab420d963b401277038074.heic → bizzlebiebs.x_6f62faaca3054d8ab14d3c44b14ee696/
2025-06-02 12:43:51,904 [INFO] Moved Ins52639621776_b07f145932ba47c5876f911792f42438.heic → bizzlebiebs.x_6f62faaca3054d8ab14d3c44b14ee696/
2025-06-02 12:43:51,904 [INFO] Moved Ins52639621776_b82b94145c5b4b088ac43a6326c340d4.heic → bizzlebiebs.x_6f62faaca3054d8ab14d3c44b14ee696/
2025-06-02 12:43:51,904 [INFO] Moved Ins52639621776_971dd61eea64424bae87e3a4d6781cd6.jpg → bizzlebiebs.x_6f62faaca3054d8ab14d3c44b14ee696/
2025-06-02 12:43:51,905 [INFO] Moved nationbieberz_8a9503fbd8c5493597e45e86c485845c.jpg → bizzlebiebs.x_6f62faaca3054d8ab14d3c44b14ee696/
2025-06-02 12:43:51,905 [INFO] Moved Ins52639621776_a5f8b408bcd648c386ac7e3963ed596d.heic → bizzlebiebs.x_6f62faaca3054d8ab14d3c44b14ee696/
2025-06-02 12:43:51,906 [INFO] Moved bizzlebiebs.x_856664bd2d4e4f44adf4ae02d601ea86.jpg → bizzlebiebs.x_856664bd2d4e4f44adf4ae02d601ea86/
2025-06-02 12:43:51,907 [INFO] Moved Ins52639621776_5fe387776c5c4f62bc86a279f7a2733a.jpg → bizzlebiebs.x_856664bd2d4e4f44adf4ae02d601ea86/
2025-06-02 12:43:51,908 [INFO] Moved bizzlebiebs.x_96b2407dd1b546abbc77153e77b0dc65.jpg → bizzlebiebs.x_96b2407dd1b546abbc77153e77b0dc65/
2025-06-02 12:43:51,908 [INFO] Moved Ins52639621776_92fb6bb9728e4c92b78196300588f8f2.webp → bizzlebiebs.x_96b2407dd1b546abbc77153e77b0dc65/
2025-06-02 12:43:51,909 [INFO] Moved bizzlebiebs.x_9f0bdad894ff4c189b11b53ea72b0fa2.jpg → bizzlebiebs.x_9f0bdad894ff4c189b11b53ea72b0fa2/
2025-06-02 12:43:51,910 [INFO] Moved Ins52639621776_8bd96ea064e9492db3895b022c17da2d.jpg → bizzlebiebs.x_9f0bdad894ff4c189b11b53ea72b0fa2/
2025-06-02 12:43:51,910 [INFO] Moved bizzlebiebs.x_e8e41a9e85f047f9b67ce6daaf852f3f.jpg → bizzlebiebs.x_e8e41a9e85f047f9b67ce6daaf852f3f/
2025-06-02 12:43:51,911 [INFO] Moved Ins52639621776_2c25576203a5453ca96ae6f0ff00b003.heic → bizzlebiebs.x_e8e41a9e85f047f9b67ce6daaf852f3f/
2025-06-02 12:43:51,911 [INFO] Moved nationbieberz_bafd6802fec1461abc5f21dc550c4021.jpg → bizzlebiebs.x_e8e41a9e85f047f9b67ce6daaf852f3f/
2025-06-02 12:43:51,912 [INFO] Moved Ins52639621776_2a09995f18ec44f9abc41e073c54cd09.heic → bizzlebiebs.x_e8e41a9e85f047f9b67ce6daaf852f3f/
2025-06-02 12:43:51,912 [INFO] Moved Ins52639621776_e582aa71aa0e4f65a2a991efa8cc4a3e.jpg → bizzlebiebs.x_e8e41a9e85f047f9b67ce6daaf852f3f/
2025-06-02 12:43:51,913 [INFO] Moved bizzlebiebs.x_f3241c6c770c4ec0bcc811a249842c00.jpg → bizzlebiebs.x_f3241c6c770c4ec0bcc811a249842c00/
2025-06-02 12:43:51,914 [INFO] Moved Ins52639621776_19baa486ce2c4400b209e9c2861c0fe3.webp → bizzlebiebs.x_f3241c6c770c4ec0bcc811a249842c00/
2025-06-02 12:43:51,914 [INFO] Moved drew_biebs6_48175303ce594c4d8d9c4e162e82b5d1.jpg → drew_biebs6_48175303ce594c4d8d9c4e162e82b5d1/
2025-06-02 12:43:51,915 [INFO] Moved nationbieberz_2d74d16eabfa41bbafdd77300ac2888b.jpg → drew_biebs6_48175303ce594c4d8d9c4e162e82b5d1/
2025-06-02 12:43:51,916 [INFO] Moved EktqZ5JWMAAXLT_.jpeg.jpg → EktqZ5JWMAAXLT_.jpeg/
2025-06-02 12:43:51,916 [INFO] Moved Ins52639621776_3c8543da82034ed19e168444533092ac.webp → EktqZ5JWMAAXLT_.jpeg/
2025-06-02 12:43:51,917 [INFO] Moved Ins52639621776_ac0ff1df759f482a9223d79f70d52630.jpg → EktqZ5JWMAAXLT_.jpeg/
2025-06-02 12:43:51,917 [INFO] Moved Ins52639621776_d77378780f2c45078e411784efc392e3.jpg → EktqZ5JWMAAXLT_.jpeg/
2025-06-02 12:43:51,918 [INFO] Moved iflirtbieber_1961769abb4640a09ef5fe286b9308be.jpg → iflirtbieber_1961769abb4640a09ef5fe286b9308be/
2025-06-02 12:43:51,918 [INFO] Moved iflirtbieber_d0f933afeee74ce28e5aeee6e61d6038.jpg → iflirtbieber_1961769abb4640a09ef5fe286b9308be/
2025-06-02 12:43:51,919 [INFO] Moved Ins52639621776_03e807c33f88496a9b689484eef514fb.jpg → Ins52639621776_03e807c33f88496a9b689484eef514fb/
2025-06-02 12:43:51,920 [INFO] Moved Ins52639621776_886a607c38c049259be4bd649c2c2ad5.jpg → Ins52639621776_03e807c33f88496a9b689484eef514fb/
2025-06-02 12:43:51,920 [INFO] Moved Ins52639621776_b2ba83f67c104f6896f472c1e0739b61.jpg → Ins52639621776_03e807c33f88496a9b689484eef514fb/
2025-06-02 12:43:51,921 [INFO] Moved Ins52639621776_fb3054075e4d4a2cab740fdc3c6bffd5.jpg → Ins52639621776_03e807c33f88496a9b689484eef514fb/
2025-06-02 12:43:51,921 [INFO] Moved Ins52639621776_88b253a30a9947d69bb710741c29bacc.jpg → Ins52639621776_03e807c33f88496a9b689484eef514fb/
2025-06-02 12:43:51,922 [INFO] Moved Ins52639621776_e2d43ca983bf4b049cfe55c36dfb4995.jpg → Ins52639621776_03e807c33f88496a9b689484eef514fb/
2025-06-02 12:43:51,922 [INFO] Moved nationbieberz_803aa19553f6486092984f153f8e661b.jpg → Ins52639621776_03e807c33f88496a9b689484eef514fb/
2025-06-02 12:43:51,923 [INFO] Moved Ins52639621776_0465dc04be2c42d987905fbdabe3348e.jpg → Ins52639621776_0465dc04be2c42d987905fbdabe3348e/
2025-06-02 12:43:51,924 [INFO] Moved Ins52639621776_f240f1335d5f4b73bcb4a7288db882ca.jpg → Ins52639621776_0465dc04be2c42d987905fbdabe3348e/
2025-06-02 12:43:51,925 [INFO] Moved Ins52639621776_07a7be02b1c045d392523907b2b7242c.jpg → Ins52639621776_07a7be02b1c045d392523907b2b7242c/
2025-06-02 12:43:51,925 [INFO] Moved nationbieberz_ec4445c6c50049a2a17c232f55cde5db.jpg → Ins52639621776_07a7be02b1c045d392523907b2b7242c/
2025-06-02 12:43:51,926 [INFO] Moved Ins52639621776_09b0b391bee7417faa413805c3ef2040.jpg → Ins52639621776_09b0b391bee7417faa413805c3ef2040/
2025-06-02 12:43:51,927 [INFO] Moved Ins52639621776_4f840be2940143ba8b30de9f4e15077c.jpg → Ins52639621776_09b0b391bee7417faa413805c3ef2040/
2025-06-02 12:43:51,927 [INFO] Moved Ins52639621776_0ba364271f3347b985b51ac5d4e1c997.heic → Ins52639621776_0ba364271f3347b985b51ac5d4e1c997/
2025-06-02 12:43:51,928 [INFO] Moved Ins52639621776_9e4187fc75414c51b1338d5c9a868868.heic → Ins52639621776_0ba364271f3347b985b51ac5d4e1c997/
2025-06-02 12:43:51,929 [INFO] Moved Ins52639621776_0c143e87afd246f9b4b79f4070d4491e.jpg → Ins52639621776_0c143e87afd246f9b4b79f4070d4491e/
2025-06-02 12:43:51,929 [INFO] Moved Ins52639621776_e5ab52de316f466b9b0a6bc40e27382b.jpg → Ins52639621776_0c143e87afd246f9b4b79f4070d4491e/
2025-06-02 12:43:51,930 [INFO] Moved Ins52639621776_0c7cec611fe844869f2571fe945a00d2.jpg → Ins52639621776_0c7cec611fe844869f2571fe945a00d2/
2025-06-02 12:43:51,931 [INFO] Moved Ins52639621776_b649af928f0147c292cf0fb8e7f7ca85.jpg → Ins52639621776_0c7cec611fe844869f2571fe945a00d2/
2025-06-02 12:43:51,932 [INFO] Moved Ins52639621776_10a31e938d694e15bb3d8f46f9c78577.jpg → Ins52639621776_10a31e938d694e15bb3d8f46f9c78577/
2025-06-02 12:43:51,932 [INFO] Moved Ins52639621776_398d5a2537004912aea61031e52c21c1.jpg → Ins52639621776_10a31e938d694e15bb3d8f46f9c78577/
2025-06-02 12:43:51,933 [INFO] Moved Ins52639621776_c11ad3f67a9d4952a56ac7e7147bc8dd.jpg → Ins52639621776_10a31e938d694e15bb3d8f46f9c78577/
2025-06-02 12:43:51,933 [INFO] Moved Ins52639621776_e20b7c36d949445798d3319b8ead5398.jpg → Ins52639621776_10a31e938d694e15bb3d8f46f9c78577/
2025-06-02 12:43:51,933 [INFO] Moved Ins52639621776_d21e8037d8194f948945d4db35956000.jpg → Ins52639621776_10a31e938d694e15bb3d8f46f9c78577/
2025-06-02 12:43:51,934 [INFO] Moved Ins52639621776_13e2b7770f564b7c9d038ab9cb0c0e26.jpg → Ins52639621776_13e2b7770f564b7c9d038ab9cb0c0e26/
2025-06-02 12:43:51,935 [INFO] Moved Ins52639621776_9bd00444c4d14aa19e565f6abe280008.jpg → Ins52639621776_13e2b7770f564b7c9d038ab9cb0c0e26/
2025-06-02 12:43:51,935 [INFO] Moved Ins52639621776_d317b21382b24621a38dde6e43ce6cc9.jpg → Ins52639621776_13e2b7770f564b7c9d038ab9cb0c0e26/
2025-06-02 12:43:51,936 [INFO] Moved Ins52639621776_14cea17355d94fb8995a6789582f8456.webp → Ins52639621776_14cea17355d94fb8995a6789582f8456/
2025-06-02 12:43:51,936 [INFO] Moved Ins52639621776_22862b41eed54403aa7503fb88d7cd7f.webp → Ins52639621776_14cea17355d94fb8995a6789582f8456/
2025-06-02 12:43:51,937 [INFO] Moved Ins52639621776_15576dc11d0e4b8aa348ebab76225a6a.webp → Ins52639621776_15576dc11d0e4b8aa348ebab76225a6a/
2025-06-02 12:43:51,938 [INFO] Moved Ins52639621776_d2e2ef5f92e246e893dc4b3278429a4d.jpg → Ins52639621776_15576dc11d0e4b8aa348ebab76225a6a/
2025-06-02 12:43:51,939 [INFO] Moved Ins52639621776_186ce554b9ca4c37824665f6aae023b4.jpg → Ins52639621776_186ce554b9ca4c37824665f6aae023b4/
2025-06-02 12:43:51,939 [INFO] Moved Ins52639621776_a00f8caca8124e168bb464b03624c2ec.jpg → Ins52639621776_186ce554b9ca4c37824665f6aae023b4/
2025-06-02 12:43:51,940 [INFO] Moved Ins52639621776_dc69eee8ecb0464cad6b0a46e3fda76b.jpg → Ins52639621776_186ce554b9ca4c37824665f6aae023b4/
2025-06-02 12:43:51,940 [INFO] Moved Ins52639621776_a93a4f6c1eff4a5b87340035783019b1.jpg → Ins52639621776_186ce554b9ca4c37824665f6aae023b4/
2025-06-02 12:43:51,941 [INFO] Moved Ins52639621776_27c5712740f64744a3a3263732702cf7.jpg → Ins52639621776_186ce554b9ca4c37824665f6aae023b4/
2025-06-02 12:43:51,942 [INFO] Moved Ins52639621776_197e47b91d8247a4a7ddaeb2502d4d13.webp → Ins52639621776_197e47b91d8247a4a7ddaeb2502d4d13/
2025-06-02 12:43:51,942 [INFO] Moved nationbieberz_5c9880c67ec04ec7bfd21f8d9494b925.jpg → Ins52639621776_197e47b91d8247a4a7ddaeb2502d4d13/
2025-06-02 12:43:51,943 [INFO] Moved Ins52639621776_741cd1fec0e44ccebea81af8de4230d6.webp → Ins52639621776_197e47b91d8247a4a7ddaeb2502d4d13/
2025-06-02 12:43:51,944 [INFO] Moved Ins52639621776_2756513399a94c3aa9881435a861826a.jpg → Ins52639621776_2756513399a94c3aa9881435a861826a/
2025-06-02 12:43:51,944 [INFO] Moved Ins52639621776_d06444bc250040a6b533f2a5ca4d9c17.jpg → Ins52639621776_2756513399a94c3aa9881435a861826a/
2025-06-02 12:43:51,945 [INFO] Moved Ins52639621776_2800c812f7a34aada611cad3a7920056.webp → Ins52639621776_2800c812f7a34aada611cad3a7920056/
2025-06-02 12:43:51,946 [INFO] Moved Ins52639621776_c3230446b436443fad6cf019d1727f3b.webp → Ins52639621776_2800c812f7a34aada611cad3a7920056/
2025-06-02 12:43:51,946 [INFO] Moved Ins52639621776_28044a579ac44b90a6deffb518075a78.heic → Ins52639621776_28044a579ac44b90a6deffb518075a78/
2025-06-02 12:43:51,947 [INFO] Moved Ins52639621776_578c04cbcf514f348f09081bb1e379ce.heic → Ins52639621776_28044a579ac44b90a6deffb518075a78/
2025-06-02 12:43:51,948 [INFO] Moved Ins52639621776_295534312bbc451fbdf1229fc4247702.jpg → Ins52639621776_295534312bbc451fbdf1229fc4247702/
2025-06-02 12:43:51,948 [INFO] Moved Ins52639621776_42cb6385d9df40ee9b2e733dc862a130.jpg → Ins52639621776_295534312bbc451fbdf1229fc4247702/
2025-06-02 12:43:51,949 [INFO] Moved Ins52639621776_2a7fa603fc07463cb630d4a5b399bd4f.jpg → Ins52639621776_2a7fa603fc07463cb630d4a5b399bd4f/
2025-06-02 12:43:51,950 [INFO] Moved Ins52639621776_42189174f020403d992e816fbe465848.jpg → Ins52639621776_2a7fa603fc07463cb630d4a5b399bd4f/
2025-06-02 12:43:51,951 [INFO] Moved Ins52639621776_3996bda8b97e42fd962d4f53abc3712a.jpg → Ins52639621776_3996bda8b97e42fd962d4f53abc3712a/
2025-06-02 12:43:51,951 [INFO] Moved Ins52639621776_d07fa792f7d8412a96fc83b7fc5dc1c2.jpg → Ins52639621776_3996bda8b97e42fd962d4f53abc3712a/
2025-06-02 12:43:51,952 [INFO] Moved Ins52639621776_40c9abf0f6ac47368d7a8fff76793664.jpg → Ins52639621776_40c9abf0f6ac47368d7a8fff76793664/
2025-06-02 12:43:51,952 [INFO] Moved nationbieberz_d95bac1f99054f10b3bf791e3fdd03ab.jpg → Ins52639621776_40c9abf0f6ac47368d7a8fff76793664/
2025-06-02 12:43:51,953 [INFO] Moved Ins52639621776_4207ee73cd82401691f8abce4e55eb78.jpg → Ins52639621776_4207ee73cd82401691f8abce4e55eb78/
2025-06-02 12:43:51,954 [INFO] Moved myforever4735_33e6a965fa364df39b075ef5bf882d5c.jpg → Ins52639621776_4207ee73cd82401691f8abce4e55eb78/
2025-06-02 12:43:51,955 [INFO] Moved Ins52639621776_433019f1944348c09719cea082939352.heic → Ins52639621776_433019f1944348c09719cea082939352/
2025-06-02 12:43:51,955 [INFO] Moved Ins52639621776_5a7bca098224437f85e34557815d2e5b.heic → Ins52639621776_433019f1944348c09719cea082939352/
2025-06-02 12:43:51,956 [INFO] Moved Ins52639621776_45076c6ddf764b6cbab54636a9df1aae.jpg → Ins52639621776_45076c6ddf764b6cbab54636a9df1aae/
2025-06-02 12:43:51,957 [INFO] Moved nationbieberz_a9bbedc9e5b24b2db773b2c875496d00.jpg → Ins52639621776_45076c6ddf764b6cbab54636a9df1aae/
2025-06-02 12:43:51,957 [INFO] Moved Ins52639621776_46378f2147024bcfbf823f960ccc58a3.heic → Ins52639621776_46378f2147024bcfbf823f960ccc58a3/
2025-06-02 12:43:51,958 [INFO] Moved Ins52639621776_4d1a2a0e1c084294aea077476b80ea82.heic → Ins52639621776_46378f2147024bcfbf823f960ccc58a3/
2025-06-02 12:43:51,958 [INFO] Moved Ins52639621776_6d38762905e444d9b5d7cc71e0805294.heic → Ins52639621776_46378f2147024bcfbf823f960ccc58a3/
2025-06-02 12:43:51,959 [INFO] Moved Ins52639621776_54aa5fcd10224f6eb8f356f37e5a6f7a.jpg → Ins52639621776_54aa5fcd10224f6eb8f356f37e5a6f7a/
2025-06-02 12:43:51,960 [INFO] Moved Ins52639621776_7d13b6713945499bacd43dd8ede134d7.jpg → Ins52639621776_54aa5fcd10224f6eb8f356f37e5a6f7a/
2025-06-02 12:43:51,961 [INFO] Moved Ins52639621776_54b8cccfe02040efbf53827616a80cea.jpg → Ins52639621776_54b8cccfe02040efbf53827616a80cea/
2025-06-02 12:43:51,961 [INFO] Moved Ins52639621776_cfd8c98189cb40abbf68ac15d640c353.jpg → Ins52639621776_54b8cccfe02040efbf53827616a80cea/
2025-06-02 12:43:51,962 [INFO] Moved Ins52639621776_54fdd0a095e044ffab7a0e7490853d46.jpg → Ins52639621776_54fdd0a095e044ffab7a0e7490853d46/
2025-06-02 12:43:51,962 [INFO] Moved Ins52639621776_88eca08681ed4c8c83bc8805aea82849.jpg → Ins52639621776_54fdd0a095e044ffab7a0e7490853d46/
2025-06-02 12:43:51,963 [INFO] Moved Ins52639621776_570cdd2780ae47639bd9636bfae8b5a0.heic → Ins52639621776_570cdd2780ae47639bd9636bfae8b5a0/
2025-06-02 12:43:51,964 [INFO] Moved Ins52639621776_62100a85d8314dfb97e74e18007604e6.heic → Ins52639621776_570cdd2780ae47639bd9636bfae8b5a0/
2025-06-02 12:43:51,964 [INFO] Moved Ins52639621776_fc9f2733db8c4c0e827ee0d1a2e931ac.heic → Ins52639621776_570cdd2780ae47639bd9636bfae8b5a0/
2025-06-02 12:43:51,965 [INFO] Moved Ins52639621776_dd7d7939a79841e2a6bc966de4091761.heic → Ins52639621776_570cdd2780ae47639bd9636bfae8b5a0/
2025-06-02 12:43:51,966 [INFO] Moved Ins52639621776_5716c6a078804a43937dd20366bf3649.jpg → Ins52639621776_5716c6a078804a43937dd20366bf3649/
2025-06-02 12:43:51,966 [INFO] Moved Ins52639621776_a59198ec13884199bdebf2f552dab7dc.jpg → Ins52639621776_5716c6a078804a43937dd20366bf3649/
2025-06-02 12:43:51,967 [INFO] Moved Ins52639621776_59533a0794134304a86af8e07045912a.jpg → Ins52639621776_59533a0794134304a86af8e07045912a/
2025-06-02 12:43:51,967 [INFO] Moved Ins52639621776_7383f8b0b54f42bea73492f4dea3ffcb.jpg → Ins52639621776_59533a0794134304a86af8e07045912a/
2025-06-02 12:43:51,968 [INFO] Moved Ins52639621776_e3124b39e8ab408cad5753f59754de2b.jpg → Ins52639621776_59533a0794134304a86af8e07045912a/
2025-06-02 12:43:51,968 [INFO] Moved Ins52639621776_fa164d22651a4a15a33d0e347ca49c06.jpg → Ins52639621776_59533a0794134304a86af8e07045912a/
2025-06-02 12:43:51,969 [INFO] Moved Ins52639621776_66cfa41cc1924625948991f2bc2ffab8.jpg → Ins52639621776_66cfa41cc1924625948991f2bc2ffab8/
2025-06-02 12:43:51,970 [INFO] Moved Ins52639621776_78e24652d55b4f16bbad44b8596fcbfa.jpg → Ins52639621776_66cfa41cc1924625948991f2bc2ffab8/
2025-06-02 12:43:51,970 [INFO] Moved Ins52639621776_f6963809527a4cd8a336becae75d8887.jpg → Ins52639621776_66cfa41cc1924625948991f2bc2ffab8/
2025-06-02 12:43:51,971 [INFO] Moved Ins52639621776_ad961021598b4880936adee9dddb8870.jpg → Ins52639621776_66cfa41cc1924625948991f2bc2ffab8/
2025-06-02 12:43:51,971 [INFO] Moved Ins52639621776_6897ea652ce44f36a08f1048fac5fc56.webp → Ins52639621776_6897ea652ce44f36a08f1048fac5fc56/
2025-06-02 12:43:51,972 [INFO] Moved Ins52639621776_dc36135f81684642b9eeab8c2464b1ee.webp → Ins52639621776_6897ea652ce44f36a08f1048fac5fc56/
2025-06-02 12:43:51,973 [INFO] Moved Ins52639621776_6c9d0c01d0914a5c920ff10a2e7292fa.jpg → Ins52639621776_6c9d0c01d0914a5c920ff10a2e7292fa/
2025-06-02 12:43:51,973 [INFO] Moved Ins52639621776_8678bad96862410799281281cf63bf23.heic → Ins52639621776_6c9d0c01d0914a5c920ff10a2e7292fa/
2025-06-02 12:43:51,974 [INFO] Moved Ins52639621776_7221861475194b9f82df4f9257289d0a.heic → Ins52639621776_7221861475194b9f82df4f9257289d0a/
2025-06-02 12:43:51,975 [INFO] Moved Ins52639621776_d6043e6f78974a52a8326f170de92acd.heic → Ins52639621776_7221861475194b9f82df4f9257289d0a/
2025-06-02 12:43:51,975 [INFO] Moved Ins52639621776_eddbb71245de4cd3b8dbd5a651996f87.heic → Ins52639621776_7221861475194b9f82df4f9257289d0a/
2025-06-02 12:43:51,976 [INFO] Moved Ins52639621776_749b75f017bd43aa889bc3fe4ccb975a.heic → Ins52639621776_7221861475194b9f82df4f9257289d0a/
2025-06-02 12:43:51,976 [INFO] Moved Ins52639621776_7c45e63eaaff4febbc41d10704584ddf.heic → Ins52639621776_7221861475194b9f82df4f9257289d0a/
2025-06-02 12:43:51,977 [INFO] Moved Ins52639621776_cfa28e1d7a4542aab252a5047198383e.heic → Ins52639621776_7221861475194b9f82df4f9257289d0a/
2025-06-02 12:43:51,977 [INFO] Moved Ins52639621776_ddcf62db6a25481095591fefe7a2af84.heic → Ins52639621776_7221861475194b9f82df4f9257289d0a/
2025-06-02 12:43:51,978 [INFO] Moved Ins52639621776_7a0b7d7344d74a9e919b9dbe52b7a90e.jpg → Ins52639621776_7a0b7d7344d74a9e919b9dbe52b7a90e/
2025-06-02 12:43:51,979 [INFO] Moved justinbiebercrewarmy_20240827_7.jpg → Ins52639621776_7a0b7d7344d74a9e919b9dbe52b7a90e/
2025-06-02 12:43:51,980 [INFO] Moved Ins52639621776_7e02252d55484d29bccb48d7dbe7b8e8.jpg → Ins52639621776_7e02252d55484d29bccb48d7dbe7b8e8/
2025-06-02 12:43:51,980 [INFO] Moved Ins52639621776_ae8d688d48684871b6477fbb16f6d887.jpg → Ins52639621776_7e02252d55484d29bccb48d7dbe7b8e8/
2025-06-02 12:43:51,981 [INFO] Moved Ins52639621776_9b4aa03b488641f397ce1199a85831a6.jpg → Ins52639621776_9b4aa03b488641f397ce1199a85831a6/
2025-06-02 12:43:51,982 [INFO] Moved Ins52639621776_e8bf41cf39ce472dbbe1a0315dc8afb6.jpg → Ins52639621776_9b4aa03b488641f397ce1199a85831a6/
2025-06-02 12:43:51,982 [INFO] Moved nationbieberz_57398a6436c84819ab0c6fcbd4eddfe5.jpg → Ins52639621776_9b4aa03b488641f397ce1199a85831a6/
2025-06-02 12:43:51,983 [INFO] Moved Ins52639621776_a12bf2ec3f7c41ccaeef4ac79a5a718d.jpg → Ins52639621776_a12bf2ec3f7c41ccaeef4ac79a5a718d/
2025-06-02 12:43:51,983 [INFO] Moved Ins52639621776_c5ea3e982610438f868d71e2c7b403f8.webp → Ins52639621776_a12bf2ec3f7c41ccaeef4ac79a5a718d/
2025-06-02 12:43:51,984 [INFO] Moved Ins52639621776_a8d843e173304bd4a5b9ff5568af99d0.heic → Ins52639621776_a8d843e173304bd4a5b9ff5568af99d0/
2025-06-02 12:43:51,985 [INFO] Moved Ins52639621776_ee344e8f0ec54a65a2068357d62d1068.heic → Ins52639621776_a8d843e173304bd4a5b9ff5568af99d0/
2025-06-02 12:43:51,985 [INFO] Moved Ins52639621776_b269bcd6687d418792f142fa6295d568.jpg → Ins52639621776_b269bcd6687d418792f142fa6295d568/
2025-06-02 12:43:51,986 [INFO] Moved Ins52639621776_b66f92d8b1594e6484138d55b4674fd1.jpg → Ins52639621776_b269bcd6687d418792f142fa6295d568/
2025-06-02 12:43:51,987 [INFO] Moved Ins52639621776_b8b27ff3d6304858885880a458a7f57e.heic → Ins52639621776_b8b27ff3d6304858885880a458a7f57e/
2025-06-02 12:43:51,987 [INFO] Moved Ins52639621776_d0f7d6c0d1f44d669dc42ed5c6544226.heic → Ins52639621776_b8b27ff3d6304858885880a458a7f57e/
2025-06-02 12:43:51,988 [INFO] Moved Ins52639621776_c325f563e85d4d4e97d6b9427d21bf47.jpg → Ins52639621776_c325f563e85d4d4e97d6b9427d21bf47/
2025-06-02 12:43:51,989 [INFO] Moved Ins52639621776_f7fa35fc48c940178ec70bcb8ee45850.jpg → Ins52639621776_c325f563e85d4d4e97d6b9427d21bf47/
2025-06-02 12:43:51,989 [INFO] Moved jbiebersourcee_0453dd9026fe48dcbf642eab7f61c203.jpg → jbiebersourcee_0453dd9026fe48dcbf642eab7f61c203/
2025-06-02 12:43:51,990 [INFO] Moved sj.raree_fa6d595fa64b481bab58d4a15329383e.webp → jbiebersourcee_0453dd9026fe48dcbf642eab7f61c203/
2025-06-02 12:43:51,990 [INFO] Moved sj.raree_f43828118316433490583cbab044c9e6.webp → jbiebersourcee_0453dd9026fe48dcbf642eab7f61c203/
2025-06-02 12:43:51,991 [INFO] Moved jbonthisdaytour_09076110a3a6418888fd7269beafe8ca.jpg → jbonthisdaytour_09076110a3a6418888fd7269beafe8ca/
2025-06-02 12:43:51,992 [INFO] Moved jbonthisdaytour_107fad354e2f43199529118891bf2305.jpg → jbonthisdaytour_09076110a3a6418888fd7269beafe8ca/
2025-06-02 12:43:51,993 [INFO] Moved jbonthisdaytour_7be816e1300d40cdbd0889d39990497a.jpg → jbonthisdaytour_09076110a3a6418888fd7269beafe8ca/
2025-06-02 12:43:51,993 [INFO] Moved jbonthisdaytour_d58c98435f82471e8e13846e423b8106.jpg → jbonthisdaytour_09076110a3a6418888fd7269beafe8ca/
2025-06-02 12:43:51,994 [INFO] Moved jbonthisdaytour_ee2a5edaabc0451c9077de5547fd838c.jpg → jbonthisdaytour_09076110a3a6418888fd7269beafe8ca/
2025-06-02 12:43:51,994 [INFO] Moved jbonthisdaytour_ddf345280be44160802cf38da35fdf46.jpg → jbonthisdaytour_09076110a3a6418888fd7269beafe8ca/
2025-06-02 12:43:51,994 [INFO] Moved jbonthisdaytour_0d38d2d6c14d4ebabfd23eb31ca80fd8.jpg → jbonthisdaytour_09076110a3a6418888fd7269beafe8ca/
2025-06-02 12:43:51,995 [INFO] Moved jbonthisdaytour_35471fc9d6ee4c3eae4d29926337cb60.jpg → jbonthisdaytour_09076110a3a6418888fd7269beafe8ca/
2025-06-02 12:43:51,995 [INFO] Moved jbonthisdaytour_70360f19d089426ebeaba695a8a22815.jpg → jbonthisdaytour_09076110a3a6418888fd7269beafe8ca/
2025-06-02 12:43:51,996 [INFO] Moved jbonthisdaytour_5f82b9f614a846aa9b30d477adeff311.jpg → jbonthisdaytour_09076110a3a6418888fd7269beafe8ca/
2025-06-02 12:43:51,996 [INFO] Moved jbonthisdaytour_db0c3db0da774d09a75c2f29109d8d88.jpg → jbonthisdaytour_09076110a3a6418888fd7269beafe8ca/
2025-06-02 12:43:51,997 [INFO] Moved jbsgthrowbacks_144ede3f1fa24193b5383def38b816ba.webp → jbsgthrowbacks_144ede3f1fa24193b5383def38b816ba/
2025-06-02 12:43:51,998 [INFO] Moved jbsgthrowbacks_a1af8e41a10247d6997c23037b5387a1.webp → jbsgthrowbacks_144ede3f1fa24193b5383def38b816ba/
2025-06-02 12:43:51,998 [INFO] Moved jbsgthrowbacks_6252f38fc17c4ecc9b3e0749f7347805.webp → jbsgthrowbacks_144ede3f1fa24193b5383def38b816ba/
2025-06-02 12:43:51,999 [INFO] Moved jbsgthrowbacks_c675dd1b5530467492b394ecd39e8d2b.webp → jbsgthrowbacks_c675dd1b5530467492b394ecd39e8d2b/
2025-06-02 12:43:51,999 [INFO] Moved jbsgthrowbacks_f4d60742f2a84a01b9fbc3a5b485719d.webp → jbsgthrowbacks_c675dd1b5530467492b394ecd39e8d2b/
2025-06-02 12:43:52,000 [INFO] Moved jelenathrowback_fanpage_20240813_10.jpg → jelenathrowback_fanpage_20240813_10/
2025-06-02 12:43:52,001 [INFO] Moved jelenathrowback_fanpage_20240813_11.jpg → jelenathrowback_fanpage_20240813_10/
2025-06-02 12:43:52,001 [INFO] Moved justinbiebersupport_0cd57755c8314f63b2a98ed7ee934687.jpg → justinbiebersupport_0cd57755c8314f63b2a98ed7ee934687/
2025-06-02 12:43:52,002 [INFO] Moved justinbiebersupport_60026b6655a14c4b8f8c7227c60a9f39.jpg → justinbiebersupport_0cd57755c8314f63b2a98ed7ee934687/
2025-06-02 12:43:52,003 [INFO] Moved justinbiebersupport_3b28990d99d1432ea2f04f2efacbd449.jpg → justinbiebersupport_3b28990d99d1432ea2f04f2efacbd449/
2025-06-02 12:43:52,003 [INFO] Moved justinbiebersupport_7a723eabeacf497b8b84ad2a4b9b5552.jpg → justinbiebersupport_3b28990d99d1432ea2f04f2efacbd449/
2025-06-02 12:43:52,004 [INFO] Moved justinbiebersupport_8296d98bf46f4567a7caad0a2c27ae6e.jpg → justinbiebersupport_3b28990d99d1432ea2f04f2efacbd449/
2025-06-02 12:43:52,004 [INFO] Moved justinbiebersupport_f634af8e3b034b4c97874967b5765370.jpg → justinbiebersupport_3b28990d99d1432ea2f04f2efacbd449/
2025-06-02 12:43:52,005 [INFO] Moved justinbiebersupport_91149699769e4cdbb4ba74c947c9a387.jpg → justinbiebersupport_91149699769e4cdbb4ba74c947c9a387/
2025-06-02 12:43:52,005 [INFO] Moved justinbiebersupport_b83e98208fe9439d9f7198f1e2c583da.jpg → justinbiebersupport_91149699769e4cdbb4ba74c947c9a387/
2025-06-02 12:43:52,006 [INFO] Moved nationbieberz_010d6d5d9fb040e58a36beb80fb6a1c4.jpg → nationbieberz_010d6d5d9fb040e58a36beb80fb6a1c4/
2025-06-02 12:43:52,007 [INFO] Moved yoitsbizzle_20240830_13.jpg → nationbieberz_010d6d5d9fb040e58a36beb80fb6a1c4/
2025-06-02 12:43:52,008 [INFO] Moved nationbieberz_052c69df695e4591a12d78fa1ea6d038.jpg → nationbieberz_052c69df695e4591a12d78fa1ea6d038/
2025-06-02 12:43:52,008 [INFO] Moved nationbieberz_5115817a870e452285a0a103ebe3954e.jpg → nationbieberz_052c69df695e4591a12d78fa1ea6d038/
2025-06-02 12:43:52,009 [INFO] Moved nationbieberz_0bd5e464487548cda26cbdc3493c8ec2.jpg → nationbieberz_0bd5e464487548cda26cbdc3493c8ec2/
2025-06-02 12:43:52,009 [INFO] Moved nationbieberz_1083f987ff394361aa4b7cc25112adbc.jpg → nationbieberz_0bd5e464487548cda26cbdc3493c8ec2/
2025-06-02 12:43:52,010 [INFO] Moved nationbieberz_1d76d8082d134923b52402c8a34addcb.jpg → nationbieberz_1d76d8082d134923b52402c8a34addcb/
2025-06-02 12:43:52,011 [INFO] Moved nationbieberz_7ec49417053d40eeb24718f2b0aa037d.jpg → nationbieberz_1d76d8082d134923b52402c8a34addcb/
2025-06-02 12:43:52,012 [INFO] Moved nationbieberz_1ee7674545034529883943e0cce75923.jpg → nationbieberz_1ee7674545034529883943e0cce75923/
2025-06-02 12:43:52,012 [INFO] Moved nationbieberz_c17be35f73b945dc8148083f7e9f461e.jpg → nationbieberz_1ee7674545034529883943e0cce75923/
2025-06-02 12:43:52,013 [INFO] Moved nationbieberz_20549ca1e2144a939969a146dc03aa01.jpg → nationbieberz_20549ca1e2144a939969a146dc03aa01/
2025-06-02 12:43:52,014 [INFO] Moved nationbieberz_53ea54fea05843ce85745b4a1299f0fd.jpg → nationbieberz_20549ca1e2144a939969a146dc03aa01/
2025-06-02 12:43:52,014 [INFO] Moved nationbieberz_2190fa887b7d49b1b2dccbd9bd424b98.jpg → nationbieberz_2190fa887b7d49b1b2dccbd9bd424b98/
2025-06-02 12:43:52,015 [INFO] Moved nationbieberz_59a74cf18d2647568c60b4d7d0af9a33.jpg → nationbieberz_2190fa887b7d49b1b2dccbd9bd424b98/
2025-06-02 12:43:52,016 [INFO] Moved nationbieberz_2287326751b94f03b5279c1236e09de9.jpg → nationbieberz_2287326751b94f03b5279c1236e09de9/
2025-06-02 12:43:52,016 [INFO] Moved nationbieberz_5a248c8cfde546d8b030656a2875879a.jpg → nationbieberz_2287326751b94f03b5279c1236e09de9/
2025-06-02 12:43:52,017 [INFO] Moved nationbieberz_28b1b4e6d2814f2b8a47a90f4cf87c3d.jpg → nationbieberz_28b1b4e6d2814f2b8a47a90f4cf87c3d/
2025-06-02 12:43:52,018 [INFO] Moved nationbieberz_d4136f2bae704e899779b2d4f922baff.jpg → nationbieberz_28b1b4e6d2814f2b8a47a90f4cf87c3d/
2025-06-02 12:43:52,018 [INFO] Moved nationbieberz_3b518ad1390745409a7a92863ca63850.jpg → nationbieberz_3b518ad1390745409a7a92863ca63850/
2025-06-02 12:43:52,019 [INFO] Moved nationbieberz_88bb4c09e6064c0d9f715dd07b531282.jpg → nationbieberz_3b518ad1390745409a7a92863ca63850/
2025-06-02 12:43:52,020 [INFO] Moved nationbieberz_3d13de118a664781b5c6dae34be4e136.jpg → nationbieberz_3d13de118a664781b5c6dae34be4e136/
2025-06-02 12:43:52,020 [INFO] Moved nationbieberz_edc2338e1c53414a9dc949e06eeea9d5.jpg → nationbieberz_3d13de118a664781b5c6dae34be4e136/
2025-06-02 12:43:52,021 [INFO] Moved nationbieberz_5a7ca8f27cc54b2ead2378081d553d21.jpg → nationbieberz_5a7ca8f27cc54b2ead2378081d553d21/
2025-06-02 12:43:52,021 [INFO] Moved nationbieberz_e144a63b816c445bafe8357d4eabc020.jpg → nationbieberz_5a7ca8f27cc54b2ead2378081d553d21/
2025-06-02 12:43:52,022 [INFO] Moved nationbieberz_6bf3f102e7a449509991eab94bf15800.jpg → nationbieberz_6bf3f102e7a449509991eab94bf15800/
2025-06-02 12:43:52,023 [INFO] Moved nationbieberz_bf000a1c2ee24af188c58d7fac4f05aa.jpg → nationbieberz_6bf3f102e7a449509991eab94bf15800/
2025-06-02 12:43:52,023 [INFO] Moved nationbieberz_73d1a424857b4b95bcb75bd10cb44a81.jpg → nationbieberz_73d1a424857b4b95bcb75bd10cb44a81/
2025-06-02 12:43:52,024 [INFO] Moved nationbieberz_9d83f2ec53f64423996df59ff6faeeea.jpg → nationbieberz_73d1a424857b4b95bcb75bd10cb44a81/
2025-06-02 12:43:52,025 [INFO] Moved nationbieberz_77c2415332b24ed290402eae678fe20e.jpg → nationbieberz_77c2415332b24ed290402eae678fe20e/
2025-06-02 12:43:52,025 [INFO] Moved nationbieberz_a5ddc1e1cb6747c9ac0a84fd2cccbd85.jpg → nationbieberz_77c2415332b24ed290402eae678fe20e/
2025-06-02 12:43:52,026 [INFO] Moved nationbieberz_eb6eb39668774b0b99aa491606eaaeb8.jpg → nationbieberz_eb6eb39668774b0b99aa491606eaaeb8/
2025-06-02 12:43:52,027 [INFO] Moved nationbieberz_f787df5fea3b4ee3925258d0ed68a2bf.jpg → nationbieberz_eb6eb39668774b0b99aa491606eaaeb8/
2025-06-02 12:43:52,027 [INFO] Moved pics.2012stin_20240920_1.jpg → pics.2012stin_20240920_1/
2025-06-02 12:43:52,028 [INFO] Moved pics.2012stin_20240920_3.jpg → pics.2012stin_20240920_1/
2025-06-02 12:43:52,029 [INFO] Moved theworldneedsjerry_20240908_7.jpg → theworldneedsjerry_20240908_7/
2025-06-02 12:43:52,029 [INFO] Moved theworldneedsjerry_20240908_8.jpg → theworldneedsjerry_20240908_7/
2025-06-02 12:43:52,029 [INFO] Moved theworldneedsjerry_20240908_9.jpg → theworldneedsjerry_20240908_7/
2025-06-02 12:43:52,030 [INFO] All groups have been moved.
2025-06-02 13:08:36,094 [INFO] Moved 2011stinsbeauty_700d5b69029c42528e62227772ad9de2.webp → C:\Users\chris\Desktop\vergleich\duplicates\2011stinsbeauty_700d5b69029c42528e62227772ad9de2\2011stinsbeauty_700d5b69029c42528e62227772ad9de2.webp
2025-06-02 13:08:36,095 [INFO] Moved 2011stinsbeauty_8165cf17302e4b04b7eb05db92f96d6f.webp → C:\Users\chris\Desktop\vergleich\duplicates\2011stinsbeauty_700d5b69029c42528e62227772ad9de2\2011stinsbeauty_8165cf17302e4b04b7eb05db92f96d6f.webp
2025-06-02 13:08:36,096 [INFO] Moved believebruh_0b17a7672e304dae8fcbe3da5a2946ec.jpg → C:\Users\chris\Desktop\vergleich\duplicates\believebruh_0b17a7672e304dae8fcbe3da5a2946ec\believebruh_0b17a7672e304dae8fcbe3da5a2946ec.jpg
2025-06-02 13:08:36,096 [INFO] Moved believebruh_a048c59ab1f447f0a48e6d90d460b7f0.jpg → C:\Users\chris\Desktop\vergleich\duplicates\believebruh_0b17a7672e304dae8fcbe3da5a2946ec\believebruh_a048c59ab1f447f0a48e6d90d460b7f0.jpg
2025-06-02 13:08:36,097 [INFO] Moved believebruh_20240819_3.jpg → C:\Users\chris\Desktop\vergleich\duplicates\believebruh_20240819_3\believebruh_20240819_3.jpg
2025-06-02 13:08:36,098 [INFO] Moved believebruh_20240819_6.jpg → C:\Users\chris\Desktop\vergleich\duplicates\believebruh_20240819_3\believebruh_20240819_6.jpg
2025-06-02 13:08:36,098 [INFO] Moved believebruh_20240819_4.jpg → C:\Users\chris\Desktop\vergleich\duplicates\believebruh_20240819_4\believebruh_20240819_4.jpg
2025-06-02 13:08:36,099 [INFO] Moved believebruh_20240819_7.jpg → C:\Users\chris\Desktop\vergleich\duplicates\believebruh_20240819_4\believebruh_20240819_7.jpg
2025-06-02 13:08:36,100 [INFO] Moved believebruh_20240820_2.jpg → C:\Users\chris\Desktop\vergleich\duplicates\believebruh_20240820_2\believebruh_20240820_2.jpg
2025-06-02 13:08:36,100 [INFO] Moved nationbieberz_549454688c204646a362786706dba5f2.jpg → C:\Users\chris\Desktop\vergleich\duplicates\believebruh_20240820_2\nationbieberz_549454688c204646a362786706dba5f2.jpg
2025-06-02 13:08:36,101 [INFO] Moved believebruh_20240919_26.jpg → C:\Users\chris\Desktop\vergleich\duplicates\believebruh_20240919_26\believebruh_20240919_26.jpg
2025-06-02 13:08:36,102 [INFO] Moved believebruh_20240919_27.jpg → C:\Users\chris\Desktop\vergleich\duplicates\believebruh_20240919_26\believebruh_20240919_27.jpg
2025-06-02 13:08:36,102 [INFO] Moved Ins52639621776_5a110aaac5174a8aa5cf7094a84f8ddd.jpg → C:\Users\chris\Desktop\vergleich\duplicates\believebruh_20240919_26\Ins52639621776_5a110aaac5174a8aa5cf7094a84f8ddd.jpg
2025-06-02 13:08:36,103 [INFO] Moved believebruh_59e07de27649442cb810d23b43962e6a.jpg → C:\Users\chris\Desktop\vergleich\duplicates\believebruh_59e07de27649442cb810d23b43962e6a\believebruh_59e07de27649442cb810d23b43962e6a.jpg
2025-06-02 13:08:36,104 [INFO] Moved believebruh_eb8321b68ff74229859b239be55cdcb1.jpg → C:\Users\chris\Desktop\vergleich\duplicates\believebruh_59e07de27649442cb810d23b43962e6a\believebruh_eb8321b68ff74229859b239be55cdcb1.jpg
2025-06-02 13:08:36,105 [INFO] Moved believebruh_b841647205e74abbbd685299ebc99498.jpg → C:\Users\chris\Desktop\vergleich\duplicates\believebruh_b841647205e74abbbd685299ebc99498\believebruh_b841647205e74abbbd685299ebc99498.jpg
2025-06-02 13:08:36,105 [INFO] Moved believebruh_b99e392847834317b27365618419c971.jpg → C:\Users\chris\Desktop\vergleich\duplicates\believebruh_b841647205e74abbbd685299ebc99498\believebruh_b99e392847834317b27365618419c971.jpg
2025-06-02 13:08:36,106 [INFO] Moved believexstan_07a69001dfbf4f57b385c815a2b504b3.webp → C:\Users\chris\Desktop\vergleich\duplicates\believexstan_07a69001dfbf4f57b385c815a2b504b3\believexstan_07a69001dfbf4f57b385c815a2b504b3.webp
2025-06-02 13:08:36,107 [INFO] Moved believexstan_db1948040d8e400d856299b0e3ac2f25.webp → C:\Users\chris\Desktop\vergleich\duplicates\believexstan_07a69001dfbf4f57b385c815a2b504b3\believexstan_db1948040d8e400d856299b0e3ac2f25.webp
2025-06-02 13:08:36,107 [INFO] Moved believexstan_1cc41c4ff79e4d75b1c47cfaa189d44a.webp → C:\Users\chris\Desktop\vergleich\duplicates\believexstan_07a69001dfbf4f57b385c815a2b504b3\believexstan_1cc41c4ff79e4d75b1c47cfaa189d44a.webp
2025-06-02 13:08:36,107 [INFO] Moved believexstan_60c4299e16824ca29988b49176b4988f.webp → C:\Users\chris\Desktop\vergleich\duplicates\believexstan_07a69001dfbf4f57b385c815a2b504b3\believexstan_60c4299e16824ca29988b49176b4988f.webp
2025-06-02 13:08:36,108 [INFO] Moved bieberrstan_0bd464fd6f97427fa629e7c7fbe84f4a.jpg → C:\Users\chris\Desktop\vergleich\duplicates\bieberrstan_0bd464fd6f97427fa629e7c7fbe84f4a\bieberrstan_0bd464fd6f97427fa629e7c7fbe84f4a.jpg
2025-06-02 13:08:36,109 [INFO] Moved bieberrstan_575c212aff724d449a9891ac2d880b94.jpg → C:\Users\chris\Desktop\vergleich\duplicates\bieberrstan_0bd464fd6f97427fa629e7c7fbe84f4a\bieberrstan_575c212aff724d449a9891ac2d880b94.jpg
2025-06-02 13:08:36,110 [INFO] Moved bieberrstan_1afb7664dc9b4d7daf843afe24921e5c.jpg → C:\Users\chris\Desktop\vergleich\duplicates\bieberrstan_1afb7664dc9b4d7daf843afe24921e5c\bieberrstan_1afb7664dc9b4d7daf843afe24921e5c.jpg
2025-06-02 13:08:36,110 [INFO] Moved bieberrstan_b8d593b0d856448aad2e22ebdcaaec8a.jpg → C:\Users\chris\Desktop\vergleich\duplicates\bieberrstan_1afb7664dc9b4d7daf843afe24921e5c\bieberrstan_b8d593b0d856448aad2e22ebdcaaec8a.jpg
2025-06-02 13:08:36,111 [INFO] Moved bieberrstan_ce7a0fbf05504c9e9d5972a1cddbf8e2.jpg → C:\Users\chris\Desktop\vergleich\duplicates\bieberrstan_1afb7664dc9b4d7daf843afe24921e5c\bieberrstan_ce7a0fbf05504c9e9d5972a1cddbf8e2.jpg
2025-06-02 13:08:36,111 [INFO] Moved bieberrstan_20240914_11.jpg → C:\Users\chris\Desktop\vergleich\duplicates\bieberrstan_20240914_11\bieberrstan_20240914_11.jpg
2025-06-02 13:08:36,112 [INFO] Moved bieberrstan_20240914_8.jpg → C:\Users\chris\Desktop\vergleich\duplicates\bieberrstan_20240914_11\bieberrstan_20240914_8.jpg
2025-06-02 13:08:36,112 [INFO] Moved bieberrstan_eef29dcbf3f447249dae396059d3c8eb.jpg → C:\Users\chris\Desktop\vergleich\duplicates\bieberrstan_eef29dcbf3f447249dae396059d3c8eb\bieberrstan_eef29dcbf3f447249dae396059d3c8eb.jpg
2025-06-02 13:08:36,113 [INFO] Moved bieberrstan_f0d6bd217e9e4cceb8207f5c7b84424b.jpg → C:\Users\chris\Desktop\vergleich\duplicates\bieberrstan_eef29dcbf3f447249dae396059d3c8eb\bieberrstan_f0d6bd217e9e4cceb8207f5c7b84424b.jpg
2025-06-02 13:08:36,114 [INFO] Moved Ins52639621776_0ba364271f3347b985b51ac5d4e1c997.heic → C:\Users\chris\Desktop\vergleich\duplicates\Ins52639621776_0ba364271f3347b985b51ac5d4e1c997\Ins52639621776_0ba364271f3347b985b51ac5d4e1c997.heic
2025-06-02 13:08:36,114 [INFO] Moved Ins52639621776_9e4187fc75414c51b1338d5c9a868868.heic → C:\Users\chris\Desktop\vergleich\duplicates\Ins52639621776_0ba364271f3347b985b51ac5d4e1c997\Ins52639621776_9e4187fc75414c51b1338d5c9a868868.heic
2025-06-02 13:08:36,115 [INFO] Moved Ins52639621776_186ce554b9ca4c37824665f6aae023b4.jpg → C:\Users\chris\Desktop\vergleich\duplicates\Ins52639621776_186ce554b9ca4c37824665f6aae023b4\Ins52639621776_186ce554b9ca4c37824665f6aae023b4.jpg
2025-06-02 13:08:36,116 [INFO] Moved Ins52639621776_dc69eee8ecb0464cad6b0a46e3fda76b.jpg → C:\Users\chris\Desktop\vergleich\duplicates\Ins52639621776_186ce554b9ca4c37824665f6aae023b4\Ins52639621776_dc69eee8ecb0464cad6b0a46e3fda76b.jpg
2025-06-02 13:08:36,117 [INFO] Moved Ins52639621776_3a1ad3e0c65440be9cfc394c0c2871d3.jpg → C:\Users\chris\Desktop\vergleich\duplicates\Ins52639621776_3a1ad3e0c65440be9cfc394c0c2871d3\Ins52639621776_3a1ad3e0c65440be9cfc394c0c2871d3.jpg
2025-06-02 13:08:36,117 [INFO] Moved Ins52639621776_bb2c50fb019f440ca760be36ff697e57.jpg → C:\Users\chris\Desktop\vergleich\duplicates\Ins52639621776_3a1ad3e0c65440be9cfc394c0c2871d3\Ins52639621776_bb2c50fb019f440ca760be36ff697e57.jpg
2025-06-02 13:08:36,118 [INFO] Moved Ins52639621776_7221861475194b9f82df4f9257289d0a.heic → C:\Users\chris\Desktop\vergleich\duplicates\Ins52639621776_7221861475194b9f82df4f9257289d0a\Ins52639621776_7221861475194b9f82df4f9257289d0a.heic
2025-06-02 13:08:36,118 [INFO] Moved Ins52639621776_eddbb71245de4cd3b8dbd5a651996f87.heic → C:\Users\chris\Desktop\vergleich\duplicates\Ins52639621776_7221861475194b9f82df4f9257289d0a\Ins52639621776_eddbb71245de4cd3b8dbd5a651996f87.heic
2025-06-02 13:08:36,119 [INFO] Moved Ins52639621776_749b75f017bd43aa889bc3fe4ccb975a.heic → C:\Users\chris\Desktop\vergleich\duplicates\Ins52639621776_749b75f017bd43aa889bc3fe4ccb975a\Ins52639621776_749b75f017bd43aa889bc3fe4ccb975a.heic
2025-06-02 13:08:36,120 [INFO] Moved Ins52639621776_7c45e63eaaff4febbc41d10704584ddf.heic → C:\Users\chris\Desktop\vergleich\duplicates\Ins52639621776_749b75f017bd43aa889bc3fe4ccb975a\Ins52639621776_7c45e63eaaff4febbc41d10704584ddf.heic
2025-06-02 13:08:36,121 [INFO] Moved Ins52639621776_ad961021598b4880936adee9dddb8870.jpg → C:\Users\chris\Desktop\vergleich\duplicates\Ins52639621776_ad961021598b4880936adee9dddb8870\Ins52639621776_ad961021598b4880936adee9dddb8870.jpg
2025-06-02 13:08:36,121 [INFO] Moved Ins52639621776_f6963809527a4cd8a336becae75d8887.jpg → C:\Users\chris\Desktop\vergleich\duplicates\Ins52639621776_ad961021598b4880936adee9dddb8870\Ins52639621776_f6963809527a4cd8a336becae75d8887.jpg
2025-06-02 13:08:36,122 [INFO] Moved Ins52639621776_d21e8037d8194f948945d4db35956000.jpg → C:\Users\chris\Desktop\vergleich\duplicates\Ins52639621776_d21e8037d8194f948945d4db35956000\Ins52639621776_d21e8037d8194f948945d4db35956000.jpg
2025-06-02 13:08:36,123 [INFO] Moved Ins52639621776_e20b7c36d949445798d3319b8ead5398.jpg → C:\Users\chris\Desktop\vergleich\duplicates\Ins52639621776_d21e8037d8194f948945d4db35956000\Ins52639621776_e20b7c36d949445798d3319b8ead5398.jpg
2025-06-02 13:08:36,124 [INFO] Moved jbonthisdaytour_0d38d2d6c14d4ebabfd23eb31ca80fd8.jpg → C:\Users\chris\Desktop\vergleich\duplicates\jbonthisdaytour_0d38d2d6c14d4ebabfd23eb31ca80fd8\jbonthisdaytour_0d38d2d6c14d4ebabfd23eb31ca80fd8.jpg
2025-06-02 13:08:36,124 [INFO] Moved jbonthisdaytour_ddf345280be44160802cf38da35fdf46.jpg → C:\Users\chris\Desktop\vergleich\duplicates\jbonthisdaytour_0d38d2d6c14d4ebabfd23eb31ca80fd8\jbonthisdaytour_ddf345280be44160802cf38da35fdf46.jpg
2025-06-02 13:08:36,125 [INFO] Moved jbonthisdaytour_107fad354e2f43199529118891bf2305.jpg → C:\Users\chris\Desktop\vergleich\duplicates\jbonthisdaytour_107fad354e2f43199529118891bf2305\jbonthisdaytour_107fad354e2f43199529118891bf2305.jpg
2025-06-02 13:08:36,126 [INFO] Moved jbonthisdaytour_7be816e1300d40cdbd0889d39990497a.jpg → C:\Users\chris\Desktop\vergleich\duplicates\jbonthisdaytour_107fad354e2f43199529118891bf2305\jbonthisdaytour_7be816e1300d40cdbd0889d39990497a.jpg
2025-06-02 13:08:36,126 [INFO] Moved jbonthisdaytour_d58c98435f82471e8e13846e423b8106.jpg → C:\Users\chris\Desktop\vergleich\duplicates\jbonthisdaytour_107fad354e2f43199529118891bf2305\jbonthisdaytour_d58c98435f82471e8e13846e423b8106.jpg
2025-06-02 13:08:36,127 [INFO] Moved jbonthisdaytour_35471fc9d6ee4c3eae4d29926337cb60.jpg → C:\Users\chris\Desktop\vergleich\duplicates\jbonthisdaytour_35471fc9d6ee4c3eae4d29926337cb60\jbonthisdaytour_35471fc9d6ee4c3eae4d29926337cb60.jpg
2025-06-02 13:08:36,128 [INFO] Moved jbonthisdaytour_5f82b9f614a846aa9b30d477adeff311.jpg → C:\Users\chris\Desktop\vergleich\duplicates\jbonthisdaytour_35471fc9d6ee4c3eae4d29926337cb60\jbonthisdaytour_5f82b9f614a846aa9b30d477adeff311.jpg
2025-06-02 13:08:36,129 [INFO] Moved jbonthisdaytour_70360f19d089426ebeaba695a8a22815.jpg → C:\Users\chris\Desktop\vergleich\duplicates\jbonthisdaytour_35471fc9d6ee4c3eae4d29926337cb60\jbonthisdaytour_70360f19d089426ebeaba695a8a22815.jpg
2025-06-02 13:08:36,129 [INFO] Moved jbonthisdaytour_db0c3db0da774d09a75c2f29109d8d88.jpg → C:\Users\chris\Desktop\vergleich\duplicates\jbonthisdaytour_35471fc9d6ee4c3eae4d29926337cb60\jbonthisdaytour_db0c3db0da774d09a75c2f29109d8d88.jpg
2025-06-02 13:08:36,129 [INFO] All groups have been moved.
2025-06-02 13:24:21,937 [INFO] No duplicates to move.
2025-06-02 13:28:24,295 [INFO] No duplicates to move.
